This is XeTeX, Version 3.141592653-2.6-0.999995 (TeX Live 2023) (preloaded format=xelatex 2024.2.13)  22 MAR 2024 11:44
entering extended mode
 restricted \write18 enabled.
 %&-line parsing enabled.
**DSXL_3_doc_and_exercices.tex
(./DSXL_3_doc_and_exercices.tex
LaTeX2e <2023-11-01> patch level 1
L3 programming layer <2024-01-22>
(/usr/local/texlive/2023/texmf-dist/tex/latex/base/book.cls
Document Class: book 2023/05/17 v1.4n Standard LaTeX document class
(/usr/local/texlive/2023/texmf-dist/tex/latex/base/bk10.clo
File: bk10.clo 2023/05/17 v1.4n Standard LaTeX file (size option)
)
\c@part=\count183
\c@chapter=\count184
\c@section=\count185
\c@subsection=\count186
\c@subsubsection=\count187
\c@paragraph=\count188
\c@subparagraph=\count189
\c@figure=\count190
\c@table=\count191
\abovecaptionskip=\skip48
\belowcaptionskip=\skip49
\bibindent=\dimen140
)
(/usr/local/texlive/2023/texmf-dist/tex/generic/babel/babel.sty
Package: babel 2024/02/07 v24.2 The Babel package
\babel@savecnt=\count192
\U@D=\dimen141
\l@unhyphenated=\language89

(/usr/local/texlive/2023/texmf-dist/tex/generic/babel/xebabel.def)
\bbl@readstream=\read2
\bbl@dirlevel=\count193

(/usr/local/texlive/2023/texmf-dist/tex/generic/babel-french/french.ldf
Language: french 2023-12-19 v3.5r French support from the babel system
Package babel Info: Hyphen rules for 'acadian' set to \l@french
(babel)             (\language31). Reported on input line 91.
Package babel Info: Hyphen rules for 'canadien' set to \l@french
(babel)             (\language31). Reported on input line 92.
\FB@stdchar=\count194
Package french.ldf Info: No need for active punctuation characters
(french.ldf)             with this version of XeTeX!
(french.ldf)             reported on input line 311.
\FB@punctthick=\XeTeXcharclass4
\FB@punctthin=\XeTeXcharclass5
\FB@punctnul=\XeTeXcharclass6
\FB@guilo=\XeTeXcharclass7
\FB@guilf=\XeTeXcharclass8
\FB@guilnul=\XeTeXcharclass9
\FBguill@level=\count195
\FBold@everypar=\toks17
\FB@Mht=\dimen142
\mc@charclass=\count196
\mc@charfam=\count197
\mc@charslot=\count198
\std@mcc=\count199
\dec@mcc=\count266
\FB@parskip=\dimen143
\listindentFB=\dimen144
\descindentFB=\dimen145
\labelindentFB=\dimen146
\labelwidthFB=\dimen147
\leftmarginFB=\dimen148
\parindentFFN=\dimen149
\FBfnindent=\dimen150
))
(/usr/local/texlive/2023/texmf-dist/tex/generic/babel/locale/fr/babel-french.te
x
Package babel Info: Importing font and identification data for french
(babel)             from babel-fr.ini. Reported on input line 11.
) (/usr/local/texlive/2023/texmf-dist/tex/latex/carlisle/scalefnt.sty)
(/usr/local/texlive/2023/texmf-dist/tex/latex/graphics/keyval.sty
Package: keyval 2022/05/29 v1.15 key=value parser (DPC)
\KV@toks@=\toks18
)
(/usr/local/texlive/2023/texmf-dist/tex/latex/imakeidx/imakeidx.sty
Package: imakeidx 2016/10/15 v1.3e Package for typesetting indices in a synchro
nous mode

(/usr/local/texlive/2023/texmf-dist/tex/latex/xkeyval/xkeyval.sty
Package: xkeyval 2022/06/16 v2.9 package option processing (HA)

(/usr/local/texlive/2023/texmf-dist/tex/generic/xkeyval/xkeyval.tex
(/usr/local/texlive/2023/texmf-dist/tex/generic/xkeyval/xkvutils.tex
\XKV@toks=\toks19
\XKV@tempa@toks=\toks20
)
\XKV@depth=\count267
File: xkeyval.tex 2014/12/03 v2.7a key=value parser (HA)
))
(/usr/local/texlive/2023/texmf-dist/tex/generic/iftex/ifxetex.sty
Package: ifxetex 2019/10/25 v0.7 ifxetex legacy package. Use iftex instead.

(/usr/local/texlive/2023/texmf-dist/tex/generic/iftex/iftex.sty
Package: iftex 2022/02/03 v1.0f TeX engine tests
))
(/usr/local/texlive/2023/texmf-dist/tex/generic/iftex/ifluatex.sty
Package: ifluatex 2019/10/25 v1.5 ifluatex legacy package. Use iftex instead.
)
(/usr/local/texlive/2023/texmf-dist/tex/latex/tools/multicol.sty
Package: multicol 2023/03/30 v1.9f multicolumn formatting (FMi)
\c@tracingmulticols=\count268
\mult@box=\box51
\multicol@leftmargin=\dimen151
\c@unbalance=\count269
\c@collectmore=\count270
\doublecol@number=\count271
\multicoltolerance=\count272
\multicolpretolerance=\count273
\full@width=\dimen152
\page@free=\dimen153
\premulticols=\dimen154
\postmulticols=\dimen155
\multicolsep=\skip50
\multicolbaselineskip=\skip51
\partial@page=\box52
\last@line=\box53
\mc@boxedresult=\box54
\maxbalancingoverflow=\dimen156
\mult@rightbox=\box55
\mult@grightbox=\box56
\mult@firstbox=\box57
\mult@gfirstbox=\box58
\@tempa=\box59
\@tempa=\box60
\@tempa=\box61
\@tempa=\box62
\@tempa=\box63
\@tempa=\box64
\@tempa=\box65
\@tempa=\box66
\@tempa=\box67
\@tempa=\box68
\@tempa=\box69
\@tempa=\box70
\@tempa=\box71
\@tempa=\box72
\@tempa=\box73
\@tempa=\box74
\@tempa=\box75
\@tempa=\box76
\@tempa=\box77
\@tempa=\box78
\@tempa=\box79
\@tempa=\box80
\@tempa=\box81
\@tempa=\box82
\@tempa=\box83
\@tempa=\box84
\@tempa=\box85
\@tempa=\box86
\@tempa=\box87
\@tempa=\box88
\@tempa=\box89
\@tempa=\box90
\@tempa=\box91
\@tempa=\box92
\@tempa=\box93
\@tempa=\box94
\c@minrows=\count274
\c@columnbadness=\count275
\c@finalcolumnbadness=\count276
\last@try=\dimen157
\multicolovershoot=\dimen158
\multicolundershoot=\dimen159
\mult@nat@firstbox=\box95
\colbreak@box=\box96
\mc@col@check@num=\count277
))
\notions@idxfile=\write3
\openout3 = `notions.idx'.


Writing index file notions.idx
\dsxlindex@idxfile=\write4
\openout4 = `dsxlindex.idx'.

Writing index file dsxlindex.idx
(/usr/local/texlive/2023/texmf-dist/tex/latex/amsmath/amsmath.sty
Package: amsmath 2023/05/13 v2.17o AMS math features
\@mathmargin=\skip52

For additional information on amsmath, use the `?' option.
(/usr/local/texlive/2023/texmf-dist/tex/latex/amsmath/amstext.sty
Package: amstext 2021/08/26 v2.01 AMS text

(/usr/local/texlive/2023/texmf-dist/tex/latex/amsmath/amsgen.sty
File: amsgen.sty 1999/11/30 v2.0 generic functions
\@emptytoks=\toks21
\ex@=\dimen160
))
(/usr/local/texlive/2023/texmf-dist/tex/latex/amsmath/amsbsy.sty
Package: amsbsy 1999/11/29 v1.2d Bold Symbols
\pmbraise@=\dimen161
)
(/usr/local/texlive/2023/texmf-dist/tex/latex/amsmath/amsopn.sty
Package: amsopn 2022/04/08 v2.04 operator names
)
\inf@bad=\count278
LaTeX Info: Redefining \frac on input line 234.
\uproot@=\count279
\leftroot@=\count280
LaTeX Info: Redefining \overline on input line 399.
LaTeX Info: Redefining \colon on input line 410.
\classnum@=\count281
\DOTSCASE@=\count282
LaTeX Info: Redefining \ldots on input line 496.
LaTeX Info: Redefining \dots on input line 499.
LaTeX Info: Redefining \cdots on input line 620.
\Mathstrutbox@=\box97
\strutbox@=\box98
LaTeX Info: Redefining \big on input line 722.
LaTeX Info: Redefining \Big on input line 723.
LaTeX Info: Redefining \bigg on input line 724.
LaTeX Info: Redefining \Bigg on input line 725.
\big@size=\dimen162
LaTeX Font Info:    Redeclaring font encoding OML on input line 743.
LaTeX Font Info:    Redeclaring font encoding OMS on input line 744.
\macc@depth=\count283
LaTeX Info: Redefining \bmod on input line 905.
LaTeX Info: Redefining \pmod on input line 910.
LaTeX Info: Redefining \smash on input line 940.
LaTeX Info: Redefining \relbar on input line 970.
LaTeX Info: Redefining \Relbar on input line 971.
\c@MaxMatrixCols=\count284
\dotsspace@=\muskip16
\c@parentequation=\count285
\dspbrk@lvl=\count286
\tag@help=\toks22
\row@=\count287
\column@=\count288
\maxfields@=\count289
\andhelp@=\toks23
\eqnshift@=\dimen163
\alignsep@=\dimen164
\tagshift@=\dimen165
\tagwidth@=\dimen166
\totwidth@=\dimen167
\lineht@=\dimen168
\@envbody=\toks24
\multlinegap=\skip53
\multlinetaggap=\skip54
\mathdisplay@stack=\toks25
LaTeX Info: Redefining \[ on input line 2953.
LaTeX Info: Redefining \] on input line 2954.
)
(/usr/local/texlive/2023/texmf-dist/tex/latex/amsfonts/amsfonts.sty
Package: amsfonts 2013/01/14 v3.01 Basic AMSFonts support
\symAMSa=\mathgroup4
\symAMSb=\mathgroup5
LaTeX Font Info:    Redeclaring math symbol \hbar on input line 98.
LaTeX Font Info:    Overwriting math alphabet `\mathfrak' in version `bold'
(Font)                  U/euf/m/n --> U/euf/b/n on input line 106.
)
(/usr/local/texlive/2023/texmf-dist/tex/latex/amsfonts/amssymb.sty
Package: amssymb 2013/01/14 v3.01 AMS font symbols
)
(/usr/local/texlive/2023/texmf-dist/tex/latex/graphics/graphicx.sty
Package: graphicx 2021/09/16 v1.2d Enhanced LaTeX Graphics (DPC,SPQR)

(/usr/local/texlive/2023/texmf-dist/tex/latex/graphics/graphics.sty
Package: graphics 2022/03/10 v1.4e Standard LaTeX Graphics (DPC,SPQR)

(/usr/local/texlive/2023/texmf-dist/tex/latex/graphics/trig.sty
Package: trig 2021/08/11 v1.11 sin cos tan (DPC)
)
(/usr/local/texlive/2023/texmf-dist/tex/latex/graphics-cfg/graphics.cfg
File: graphics.cfg 2016/06/04 v1.11 sample graphics configuration
)
Package graphics Info: Driver file: xetex.def on input line 107.

(/usr/local/texlive/2023/texmf-dist/tex/latex/graphics-def/xetex.def
File: xetex.def 2022/09/22 v5.0n Graphics/color driver for xetex
))
\Gin@req@height=\dimen169
\Gin@req@width=\dimen170
)
(/usr/local/texlive/2023/texmf-dist/tex/latex/tools/calc.sty
Package: calc 2023/07/08 v4.3 Infix arithmetic (KKT,FJ)
\calc@Acount=\count290
\calc@Bcount=\count291
\calc@Adimen=\dimen171
\calc@Bdimen=\dimen172
\calc@Askip=\skip55
\calc@Bskip=\skip56
LaTeX Info: Redefining \setlength on input line 80.
LaTeX Info: Redefining \addtolength on input line 81.
\calc@Ccount=\count292
\calc@Cskip=\skip57
)
(/usr/local/texlive/2023/texmf-dist/tex/latex/pgf/basiclayer/pgf.sty
(/usr/local/texlive/2023/texmf-dist/tex/latex/pgf/utilities/pgfrcs.sty
(/usr/local/texlive/2023/texmf-dist/tex/generic/pgf/utilities/pgfutil-common.te
x
\pgfutil@everybye=\toks26
\pgfutil@tempdima=\dimen173
\pgfutil@tempdimb=\dimen174
)
(/usr/local/texlive/2023/texmf-dist/tex/generic/pgf/utilities/pgfutil-latex.def
\pgfutil@abb=\box99
) (/usr/local/texlive/2023/texmf-dist/tex/generic/pgf/utilities/pgfrcs.code.tex
(/usr/local/texlive/2023/texmf-dist/tex/generic/pgf/pgf.revision.tex)
Package: pgfrcs 2023-01-15 v3.1.10 (3.1.10)
))
Package: pgf 2023-01-15 v3.1.10 (3.1.10)

(/usr/local/texlive/2023/texmf-dist/tex/latex/pgf/basiclayer/pgfcore.sty
(/usr/local/texlive/2023/texmf-dist/tex/latex/pgf/systemlayer/pgfsys.sty
(/usr/local/texlive/2023/texmf-dist/tex/generic/pgf/systemlayer/pgfsys.code.tex
Package: pgfsys 2023-01-15 v3.1.10 (3.1.10)
(/usr/local/texlive/2023/texmf-dist/tex/generic/pgf/utilities/pgfkeys.code.tex
\pgfkeys@pathtoks=\toks27
\pgfkeys@temptoks=\toks28

(/usr/local/texlive/2023/texmf-dist/tex/generic/pgf/utilities/pgfkeyslibraryfil
tered.code.tex
\pgfkeys@tmptoks=\toks29
))
\pgf@x=\dimen175
\pgf@y=\dimen176
\pgf@xa=\dimen177
\pgf@ya=\dimen178
\pgf@xb=\dimen179
\pgf@yb=\dimen180
\pgf@xc=\dimen181
\pgf@yc=\dimen182
\pgf@xd=\dimen183
\pgf@yd=\dimen184
\w@pgf@writea=\write5
\r@pgf@reada=\read3
\c@pgf@counta=\count293
\c@pgf@countb=\count294
\c@pgf@countc=\count295
\c@pgf@countd=\count296
\t@pgf@toka=\toks30
\t@pgf@tokb=\toks31
\t@pgf@tokc=\toks32
\pgf@sys@id@count=\count297

(/usr/local/texlive/2023/texmf-dist/tex/generic/pgf/systemlayer/pgf.cfg
File: pgf.cfg 2023-01-15 v3.1.10 (3.1.10)
)
Driver file for pgf: pgfsys-xetex.def

(/usr/local/texlive/2023/texmf-dist/tex/generic/pgf/systemlayer/pgfsys-xetex.de
f
File: pgfsys-xetex.def 2023-01-15 v3.1.10 (3.1.10)

(/usr/local/texlive/2023/texmf-dist/tex/generic/pgf/systemlayer/pgfsys-dvipdfmx
.def
File: pgfsys-dvipdfmx.def 2023-01-15 v3.1.10 (3.1.10)

(/usr/local/texlive/2023/texmf-dist/tex/generic/pgf/systemlayer/pgfsys-common-p
df.def
File: pgfsys-common-pdf.def 2023-01-15 v3.1.10 (3.1.10)
)
\pgfsys@objnum=\count298
)))
(/usr/local/texlive/2023/texmf-dist/tex/generic/pgf/systemlayer/pgfsyssoftpath.
code.tex
File: pgfsyssoftpath.code.tex 2023-01-15 v3.1.10 (3.1.10)
\pgfsyssoftpath@smallbuffer@items=\count299
\pgfsyssoftpath@bigbuffer@items=\count300
)
(/usr/local/texlive/2023/texmf-dist/tex/generic/pgf/systemlayer/pgfsysprotocol.
code.tex
File: pgfsysprotocol.code.tex 2023-01-15 v3.1.10 (3.1.10)
)) (/usr/local/texlive/2023/texmf-dist/tex/latex/xcolor/xcolor.sty
Package: xcolor 2023/11/15 v3.01 LaTeX color extensions (UK)

(/usr/local/texlive/2023/texmf-dist/tex/latex/graphics-cfg/color.cfg
File: color.cfg 2016/01/02 v1.6 sample color configuration
)
Package xcolor Info: Driver file: xetex.def on input line 274.

(/usr/local/texlive/2023/texmf-dist/tex/latex/graphics/mathcolor.ltx)
Package xcolor Info: Model `cmy' substituted by `cmy0' on input line 1350.
Package xcolor Info: Model `RGB' extended on input line 1366.
Package xcolor Info: Model `HTML' substituted by `rgb' on input line 1368.
Package xcolor Info: Model `Hsb' substituted by `hsb' on input line 1369.
Package xcolor Info: Model `tHsb' substituted by `hsb' on input line 1370.
Package xcolor Info: Model `HSB' substituted by `hsb' on input line 1371.
Package xcolor Info: Model `Gray' substituted by `gray' on input line 1372.
Package xcolor Info: Model `wave' substituted by `hsb' on input line 1373.
)
(/usr/local/texlive/2023/texmf-dist/tex/generic/pgf/basiclayer/pgfcore.code.tex
Package: pgfcore 2023-01-15 v3.1.10 (3.1.10)
(/usr/local/texlive/2023/texmf-dist/tex/generic/pgf/math/pgfmath.code.tex
(/usr/local/texlive/2023/texmf-dist/tex/generic/pgf/math/pgfmathutil.code.tex)
(/usr/local/texlive/2023/texmf-dist/tex/generic/pgf/math/pgfmathparser.code.tex
\pgfmath@dimen=\dimen185
\pgfmath@count=\count301
\pgfmath@box=\box100
\pgfmath@toks=\toks33
\pgfmath@stack@operand=\toks34
\pgfmath@stack@operation=\toks35
)
(/usr/local/texlive/2023/texmf-dist/tex/generic/pgf/math/pgfmathfunctions.code.
tex)
(/usr/local/texlive/2023/texmf-dist/tex/generic/pgf/math/pgfmathfunctions.basic
.code.tex)
(/usr/local/texlive/2023/texmf-dist/tex/generic/pgf/math/pgfmathfunctions.trigo
nometric.code.tex)
(/usr/local/texlive/2023/texmf-dist/tex/generic/pgf/math/pgfmathfunctions.rando
m.code.tex)
(/usr/local/texlive/2023/texmf-dist/tex/generic/pgf/math/pgfmathfunctions.compa
rison.code.tex)
(/usr/local/texlive/2023/texmf-dist/tex/generic/pgf/math/pgfmathfunctions.base.
code.tex)
(/usr/local/texlive/2023/texmf-dist/tex/generic/pgf/math/pgfmathfunctions.round
.code.tex)
(/usr/local/texlive/2023/texmf-dist/tex/generic/pgf/math/pgfmathfunctions.misc.
code.tex)
(/usr/local/texlive/2023/texmf-dist/tex/generic/pgf/math/pgfmathfunctions.integ
erarithmetics.code.tex)
(/usr/local/texlive/2023/texmf-dist/tex/generic/pgf/math/pgfmathcalc.code.tex)
(/usr/local/texlive/2023/texmf-dist/tex/generic/pgf/math/pgfmathfloat.code.tex
\c@pgfmathroundto@lastzeros=\count302
)) (/usr/local/texlive/2023/texmf-dist/tex/generic/pgf/math/pgfint.code.tex)
(/usr/local/texlive/2023/texmf-dist/tex/generic/pgf/basiclayer/pgfcorepoints.co
de.tex
File: pgfcorepoints.code.tex 2023-01-15 v3.1.10 (3.1.10)
\pgf@picminx=\dimen186
\pgf@picmaxx=\dimen187
\pgf@picminy=\dimen188
\pgf@picmaxy=\dimen189
\pgf@pathminx=\dimen190
\pgf@pathmaxx=\dimen191
\pgf@pathminy=\dimen192
\pgf@pathmaxy=\dimen193
\pgf@xx=\dimen194
\pgf@xy=\dimen195
\pgf@yx=\dimen196
\pgf@yy=\dimen197
\pgf@zx=\dimen198
\pgf@zy=\dimen199
)
(/usr/local/texlive/2023/texmf-dist/tex/generic/pgf/basiclayer/pgfcorepathconst
ruct.code.tex
File: pgfcorepathconstruct.code.tex 2023-01-15 v3.1.10 (3.1.10)
\pgf@path@lastx=\dimen256
\pgf@path@lasty=\dimen257
)
(/usr/local/texlive/2023/texmf-dist/tex/generic/pgf/basiclayer/pgfcorepathusage
.code.tex
File: pgfcorepathusage.code.tex 2023-01-15 v3.1.10 (3.1.10)
\pgf@shorten@end@additional=\dimen258
\pgf@shorten@start@additional=\dimen259
)
(/usr/local/texlive/2023/texmf-dist/tex/generic/pgf/basiclayer/pgfcorescopes.co
de.tex
File: pgfcorescopes.code.tex 2023-01-15 v3.1.10 (3.1.10)
\pgfpic=\box101
\pgf@hbox=\box102
\pgf@layerbox@main=\box103
\pgf@picture@serial@count=\count303
)
(/usr/local/texlive/2023/texmf-dist/tex/generic/pgf/basiclayer/pgfcoregraphicst
ate.code.tex
File: pgfcoregraphicstate.code.tex 2023-01-15 v3.1.10 (3.1.10)
\pgflinewidth=\dimen260
)
(/usr/local/texlive/2023/texmf-dist/tex/generic/pgf/basiclayer/pgfcoretransform
ations.code.tex
File: pgfcoretransformations.code.tex 2023-01-15 v3.1.10 (3.1.10)
\pgf@pt@x=\dimen261
\pgf@pt@y=\dimen262
\pgf@pt@temp=\dimen263
)
(/usr/local/texlive/2023/texmf-dist/tex/generic/pgf/basiclayer/pgfcorequick.cod
e.tex
File: pgfcorequick.code.tex 2023-01-15 v3.1.10 (3.1.10)
)
(/usr/local/texlive/2023/texmf-dist/tex/generic/pgf/basiclayer/pgfcoreobjects.c
ode.tex
File: pgfcoreobjects.code.tex 2023-01-15 v3.1.10 (3.1.10)
)
(/usr/local/texlive/2023/texmf-dist/tex/generic/pgf/basiclayer/pgfcorepathproce
ssing.code.tex
File: pgfcorepathprocessing.code.tex 2023-01-15 v3.1.10 (3.1.10)
)
(/usr/local/texlive/2023/texmf-dist/tex/generic/pgf/basiclayer/pgfcorearrows.co
de.tex
File: pgfcorearrows.code.tex 2023-01-15 v3.1.10 (3.1.10)
\pgfarrowsep=\dimen264
)
(/usr/local/texlive/2023/texmf-dist/tex/generic/pgf/basiclayer/pgfcoreshade.cod
e.tex
File: pgfcoreshade.code.tex 2023-01-15 v3.1.10 (3.1.10)
\pgf@max=\dimen265
\pgf@sys@shading@range@num=\count304
\pgf@shadingcount=\count305
)
(/usr/local/texlive/2023/texmf-dist/tex/generic/pgf/basiclayer/pgfcoreimage.cod
e.tex
File: pgfcoreimage.code.tex 2023-01-15 v3.1.10 (3.1.10)
)
(/usr/local/texlive/2023/texmf-dist/tex/generic/pgf/basiclayer/pgfcoreexternal.
code.tex
File: pgfcoreexternal.code.tex 2023-01-15 v3.1.10 (3.1.10)
\pgfexternal@startupbox=\box104
)
(/usr/local/texlive/2023/texmf-dist/tex/generic/pgf/basiclayer/pgfcorelayers.co
de.tex
File: pgfcorelayers.code.tex 2023-01-15 v3.1.10 (3.1.10)
)
(/usr/local/texlive/2023/texmf-dist/tex/generic/pgf/basiclayer/pgfcoretranspare
ncy.code.tex
File: pgfcoretransparency.code.tex 2023-01-15 v3.1.10 (3.1.10)
)
(/usr/local/texlive/2023/texmf-dist/tex/generic/pgf/basiclayer/pgfcorepatterns.
code.tex
File: pgfcorepatterns.code.tex 2023-01-15 v3.1.10 (3.1.10)
)
(/usr/local/texlive/2023/texmf-dist/tex/generic/pgf/basiclayer/pgfcorerdf.code.
tex
File: pgfcorerdf.code.tex 2023-01-15 v3.1.10 (3.1.10)
)))
(/usr/local/texlive/2023/texmf-dist/tex/generic/pgf/modules/pgfmoduleshapes.cod
e.tex
File: pgfmoduleshapes.code.tex 2023-01-15 v3.1.10 (3.1.10)
\pgfnodeparttextbox=\box105
)
(/usr/local/texlive/2023/texmf-dist/tex/generic/pgf/modules/pgfmoduleplot.code.
tex
File: pgfmoduleplot.code.tex 2023-01-15 v3.1.10 (3.1.10)
)
(/usr/local/texlive/2023/texmf-dist/tex/latex/pgf/compatibility/pgfcomp-version
-0-65.sty
Package: pgfcomp-version-0-65 2023-01-15 v3.1.10 (3.1.10)
\pgf@nodesepstart=\dimen266
\pgf@nodesepend=\dimen267
)
(/usr/local/texlive/2023/texmf-dist/tex/latex/pgf/compatibility/pgfcomp-version
-1-18.sty
Package: pgfcomp-version-1-18 2023-01-15 v3.1.10 (3.1.10)
))
(/usr/local/texlive/2023/texmf-dist/tex/latex/pgf/frontendlayer/tikz.sty
(/usr/local/texlive/2023/texmf-dist/tex/latex/pgf/utilities/pgffor.sty
(/usr/local/texlive/2023/texmf-dist/tex/latex/pgf/utilities/pgfkeys.sty
(/usr/local/texlive/2023/texmf-dist/tex/generic/pgf/utilities/pgfkeys.code.tex)
) (/usr/local/texlive/2023/texmf-dist/tex/latex/pgf/math/pgfmath.sty
(/usr/local/texlive/2023/texmf-dist/tex/generic/pgf/math/pgfmath.code.tex))
(/usr/local/texlive/2023/texmf-dist/tex/generic/pgf/utilities/pgffor.code.tex
Package: pgffor 2023-01-15 v3.1.10 (3.1.10)
\pgffor@iter=\dimen268
\pgffor@skip=\dimen269
\pgffor@stack=\toks36
\pgffor@toks=\toks37
))
(/usr/local/texlive/2023/texmf-dist/tex/generic/pgf/frontendlayer/tikz/tikz.cod
e.tex
Package: tikz 2023-01-15 v3.1.10 (3.1.10)

(/usr/local/texlive/2023/texmf-dist/tex/generic/pgf/libraries/pgflibraryplothan
dlers.code.tex
File: pgflibraryplothandlers.code.tex 2023-01-15 v3.1.10 (3.1.10)
\pgf@plot@mark@count=\count306
\pgfplotmarksize=\dimen270
)
\tikz@lastx=\dimen271
\tikz@lasty=\dimen272
\tikz@lastxsaved=\dimen273
\tikz@lastysaved=\dimen274
\tikz@lastmovetox=\dimen275
\tikz@lastmovetoy=\dimen276
\tikzleveldistance=\dimen277
\tikzsiblingdistance=\dimen278
\tikz@figbox=\box106
\tikz@figbox@bg=\box107
\tikz@tempbox=\box108
\tikz@tempbox@bg=\box109
\tikztreelevel=\count307
\tikznumberofchildren=\count308
\tikznumberofcurrentchild=\count309
\tikz@fig@count=\count310

(/usr/local/texlive/2023/texmf-dist/tex/generic/pgf/modules/pgfmodulematrix.cod
e.tex
File: pgfmodulematrix.code.tex 2023-01-15 v3.1.10 (3.1.10)
\pgfmatrixcurrentrow=\count311
\pgfmatrixcurrentcolumn=\count312
\pgf@matrix@numberofcolumns=\count313
)
\tikz@expandcount=\count314

(/usr/local/texlive/2023/texmf-dist/tex/generic/pgf/frontendlayer/tikz/librarie
s/tikzlibrarytopaths.code.tex
File: tikzlibrarytopaths.code.tex 2023-01-15 v3.1.10 (3.1.10)
)))
(/usr/local/texlive/2023/texmf-dist/tex/latex/pgfplots/pgfplots.sty
(/usr/local/texlive/2023/texmf-dist/tex/generic/pgfplots/pgfplots.revision.tex)
Package: pgfplots 2021/05/15 v1.18.1 Data Visualization (1.18.1)
(/usr/local/texlive/2023/texmf-dist/tex/generic/pgfplots/pgfplots.code.tex
(/usr/local/texlive/2023/texmf-dist/tex/generic/pgfplots/pgfplotscore.code.tex
\t@pgfplots@toka=\toks38
\t@pgfplots@tokb=\toks39
\t@pgfplots@tokc=\toks40
\pgfplots@tmpa=\dimen279
\c@pgfplots@coordindex=\count315
\c@pgfplots@scanlineindex=\count316

(/usr/local/texlive/2023/texmf-dist/tex/generic/pgfplots/sys/pgfplotssysgeneric
.code.tex))
(/usr/local/texlive/2023/texmf-dist/tex/generic/pgfplots/libs/pgfplotslibrary.c
ode.tex)
(/usr/local/texlive/2023/texmf-dist/tex/generic/pgfplots/oldpgfcompatib/pgfplot
soldpgfsupp_loader.code.tex
(/usr/local/texlive/2023/texmf-dist/tex/generic/pgf/libraries/pgflibraryfpu.cod
e.tex)
Package pgfplots: loading complementary utilities for your pgf version...
\t@pgf@toka=\toks41
\t@pgf@tokb=\toks42
\t@pgf@tokc=\toks43

(/usr/local/texlive/2023/texmf-dist/tex/generic/pgfplots/oldpgfcompatib/pgfplot
soldpgfsupp_pgfutil-common-lists.tex))
(/usr/local/texlive/2023/texmf-dist/tex/generic/pgfplots/util/pgfplotsutil.code
.tex
(/usr/local/texlive/2023/texmf-dist/tex/generic/pgfplots/liststructure/pgfplots
liststructure.code.tex)
(/usr/local/texlive/2023/texmf-dist/tex/generic/pgfplots/liststructure/pgfplots
liststructureext.code.tex)
(/usr/local/texlive/2023/texmf-dist/tex/generic/pgfplots/liststructure/pgfplots
array.code.tex
\c@pgfplotsarray@tmp=\count317
)
(/usr/local/texlive/2023/texmf-dist/tex/generic/pgfplots/liststructure/pgfplots
matrix.code.tex)
(/usr/local/texlive/2023/texmf-dist/tex/generic/pgfplots/numtable/pgfplotstable
shared.code.tex
\c@pgfplotstable@counta=\count318
\t@pgfplotstable@a=\toks44
)
(/usr/local/texlive/2023/texmf-dist/tex/generic/pgfplots/liststructure/pgfplots
deque.code.tex)
(/usr/local/texlive/2023/texmf-dist/tex/generic/pgfplots/util/pgfplotsbinary.co
de.tex
(/usr/local/texlive/2023/texmf-dist/tex/generic/pgfplots/util/pgfplotsbinary.da
ta.code.tex))
(/usr/local/texlive/2023/texmf-dist/tex/generic/pgfplots/util/pgfplotsutil.verb
.code.tex)
(/usr/local/texlive/2023/texmf-dist/tex/generic/pgfplots/libs/pgflibrarypgfplot
s.surfshading.code.tex
\c@pgfplotslibrarysurf@no=\count319

(/usr/local/texlive/2023/texmf-dist/tex/generic/pgfplots/sys/pgflibrarypgfplots
.surfshading.pgfsys-xetex.def
(/usr/local/texlive/2023/texmf-dist/tex/generic/pgfplots/sys/pgflibrarypgfplots
.surfshading.pgfsys-dvipdfmx.def
\c@pgfplotslibrarysurf@streamlen=\count320
))))
(/usr/local/texlive/2023/texmf-dist/tex/generic/pgfplots/util/pgfplotscolormap.
code.tex
(/usr/local/texlive/2023/texmf-dist/tex/generic/pgfplots/util/pgfplotscolor.cod
e.tex))
(/usr/local/texlive/2023/texmf-dist/tex/generic/pgfplots/pgfplotsstackedplots.c
ode.tex)
(/usr/local/texlive/2023/texmf-dist/tex/generic/pgfplots/pgfplotsplothandlers.c
ode.tex
(/usr/local/texlive/2023/texmf-dist/tex/generic/pgfplots/pgfplotsmeshplothandle
r.code.tex
(/usr/local/texlive/2023/texmf-dist/tex/generic/pgfplots/pgfplotsmeshplotimage.
code.tex)))
(/usr/local/texlive/2023/texmf-dist/tex/generic/pgfplots/pgfplots.scaling.code.
tex)
(/usr/local/texlive/2023/texmf-dist/tex/generic/pgfplots/pgfplotscoordprocessin
g.code.tex)
(/usr/local/texlive/2023/texmf-dist/tex/generic/pgfplots/pgfplots.errorbars.cod
e.tex)
(/usr/local/texlive/2023/texmf-dist/tex/generic/pgfplots/pgfplots.markers.code.
tex)
(/usr/local/texlive/2023/texmf-dist/tex/generic/pgfplots/pgfplotsticks.code.tex
)
(/usr/local/texlive/2023/texmf-dist/tex/generic/pgfplots/pgfplots.paths.code.te
x)
(/usr/local/texlive/2023/texmf-dist/tex/generic/pgf/frontendlayer/tikz/librarie
s/tikzlibrarydecorations.code.tex
(/usr/local/texlive/2023/texmf-dist/tex/generic/pgf/modules/pgfmoduledecoration
s.code.tex
\pgfdecoratedcompleteddistance=\dimen280
\pgfdecoratedremainingdistance=\dimen281
\pgfdecoratedinputsegmentcompleteddistance=\dimen282
\pgfdecoratedinputsegmentremainingdistance=\dimen283
\pgf@decorate@distancetomove=\dimen284
\pgf@decorate@repeatstate=\count321
\pgfdecorationsegmentamplitude=\dimen285
\pgfdecorationsegmentlength=\dimen286
)
\tikz@lib@dec@box=\box110
)
(/usr/local/texlive/2023/texmf-dist/tex/generic/pgf/frontendlayer/tikz/librarie
s/tikzlibrarydecorations.pathmorphing.code.tex
(/usr/local/texlive/2023/texmf-dist/tex/generic/pgf/libraries/decorations/pgfli
brarydecorations.pathmorphing.code.tex))
(/usr/local/texlive/2023/texmf-dist/tex/generic/pgf/frontendlayer/tikz/librarie
s/tikzlibrarydecorations.pathreplacing.code.tex
(/usr/local/texlive/2023/texmf-dist/tex/generic/pgf/libraries/decorations/pgfli
brarydecorations.pathreplacing.code.tex))
(/usr/local/texlive/2023/texmf-dist/tex/generic/pgfplots/libs/tikzlibrarypgfplo
ts.contourlua.code.tex)
\pgfplots@numplots=\count322
\pgfplots@xmin@reg=\dimen287
\pgfplots@xmax@reg=\dimen288
\pgfplots@ymin@reg=\dimen289
\pgfplots@ymax@reg=\dimen290
\pgfplots@zmin@reg=\dimen291
\pgfplots@zmax@reg=\dimen292
)
(/usr/local/texlive/2023/texmf-dist/tex/generic/pgf/frontendlayer/tikz/librarie
s/tikzlibraryplotmarks.code.tex
File: tikzlibraryplotmarks.code.tex 2023-01-15 v3.1.10 (3.1.10)

(/usr/local/texlive/2023/texmf-dist/tex/generic/pgf/libraries/pgflibraryplotmar
ks.code.tex
File: pgflibraryplotmarks.code.tex 2023-01-15 v3.1.10 (3.1.10)
)))
(/usr/local/texlive/2023/texmf-dist/tex/latex/pstricks-add/pstricks-add.sty
(/usr/local/texlive/2023/texmf-dist/tex/latex/pstricks/pstricks.sty
Package: pstricks 2024/02/02 v0.75 LaTeX wrapper for `PSTricks' (RN,HV)

(/usr/local/texlive/2023/texmf-dist/tex/generic/xkeyval/pst-xkey.tex
File: pst-xkey.tex 2005/11/25 v1.6 PSTricks specialization of xkeyval (HA)
)
(/usr/local/texlive/2023/texmf-dist/tex/generic/pstricks/pstricks.tex
(/usr/local/texlive/2023/texmf-dist/tex/generic/pstricks/pst-fp.tex
`pst-fp' v0.06, 2020/11/20 (hv)
\pstFP@xs=\count323
\pstFP@xia=\count324
\pstFP@xib=\count325
\pstFP@xfa=\count326
\pstFP@xfb=\count327
\pstFP@rega=\count328
\pstFP@regb=\count329
\pstFP@regs=\count330
\pstFP@times=\count331
)
\psLoopIndex=\count332

`PSTricks' v3.19c  <2024/02/02> (tvz,hv)
\pst@dima=\dimen293
\pst@dimb=\dimen294
\pst@dimc=\dimen295
\pst@dimd=\dimen296
\pst@dimg=\dimen297
\pst@dimh=\dimen298
\pst@dimm=\dimen299
\pst@dimn=\dimen300
\pst@dimo=\dimen301
\pst@dimp=\dimen302
\pst@hbox=\box111
\pst@ibox=\box112
\pst@boxg=\box113
\pst@cnta=\count333
\pst@cntb=\count334
\pst@cntc=\count335
\pst@cntd=\count336
\pst@cntg=\count337
\pst@cnth=\count338
\pst@cntm=\count339
\pst@cntn=\count340
\pst@cnto=\count341
\pst@cntp=\count342
\@zero=\count343
\pst@toks=\toks45
--- We are running latex or xelatex ---
(/usr/local/texlive/2023/texmf-dist/tex/xelatex/xetex-pstricks/pstricks.con
(/usr/local/texlive/2023/texmf-dist/tex/generic/pstricks/config/xdvipdfmx.cfg))
(/usr/local/texlive/2023/texmf-dist/tex/generic/pstricks/pstricks-color.tex)
\psunit=\dimen303
\psxunit=\dimen304
\psyunit=\dimen305
\pst@C@@rType=\count344
\pslinewidth=\dimen306
\psk@startLW=\dimen307
\psk@endLW=\dimen308

(/usr/local/texlive/2023/texmf-dist/tex/generic/pstricks/pstricks-arrows.tex
\pshooklength=\dimen309
\pshookwidth=\dimen310
)
\pst@customdefs=\toks46

(/usr/local/texlive/2023/texmf-dist/tex/generic/pstricks/pstricks-dots.tex)
\pslinearc=\dimen311
\pst@symbolStep=\dimen312
\pst@symbolWidth=\dimen313
\pst@symbolLinewidth=\dimen314
\everypsbox=\toks47
\psframesep=\dimen315
\pslabelsep=\dimen316
\sh@wgridXunit=\dimen317
\sh@wgridYunit=\dimen318
\pst@shift=\dimen319
\ps@imagectr=\count345

(/usr/local/texlive/2023/texmf-dist/tex/xelatex/xetex-pstricks/pstricks.con
(/usr/local/texlive/2023/texmf-dist/tex/generic/pstricks/config/xdvipdfmx.cfg
Using PSTricks configuration for LaTeX+dvipdfmx
)))
File: pstricks.tex 2024/02/02 v3.19c `PSTricks' (tvz,hv)
 (/usr/local/texlive/2023/texmf-dist/tex/generic/pstricks/pst-fp.tex
`pst-fp' v0.06, 2020/11/20 (hv))
File: pst-fp.tex 2020/11/20 v0.06 `PST-fp' (hv)

>>> Loading XeTeX special macros
(/usr/local/texlive/2023/texmf-dist/tex/generic/pstricks/pstricks-xetex.def))
(/usr/local/texlive/2023/texmf-dist/tex/latex/pst-plot/pst-plot.sty
Package: pst-plot 2011/06/05 v1.00 LaTeX wrapper for `pst-plot' (HV)

(/usr/local/texlive/2023/texmf-dist/tex/latex/xkeyval/pst-xkey.sty
Package: pst-xkey 2005/11/25 v1.6 package wrapper for pst-xkey.tex (HA)
)
(/usr/local/texlive/2023/texmf-dist/tex/latex/multido/multido.sty
Package: multido 2004/05/17 package wrapper for PSTricks `multido.tex', (HV/RN)


(/usr/local/texlive/2023/texmf-dist/tex/generic/multido/multido.tex
 v1.42, 2010/05/14 <tvz>
\multido@count=\count346
\multidocount=\count347
\multido@stuff=\toks48
)
File: multido.tex 2010/05/14 v1.42 `multido' (tvz,hv)
)
Package: pst-plot 2021/09/23 package wrapper for pst-plot.tex (hv)

(/usr/local/texlive/2023/texmf-dist/tex/generic/pst-plot/pst-plot.tex
(/usr/local/texlive/2023/texmf-dist/tex/generic/pst-tools/pst-tools.tex
`PST-tools' v0.12, 2021/09/23 (hv)
\randomi=\count348
\ranval=\count349
)
(/usr/local/texlive/2023/texmf-dist/tex/generic/pstricks-add/pstricks-add.tex
(/usr/local/texlive/2023/texmf-dist/tex/generic/pst-node/pst-node.tex
 v1.43, 2022/01/31
\psrow=\count350
\pscol=\count351
\psmatrixcnt=\count352
\psrowsep=\skip58
\pscolsep=\skip59
\pst@args=\count353
\num@pts=\count354
\pst@argcnt=\count355
)
(/usr/local/texlive/2023/texmf-dist/tex/generic/pst-arrow/pst-arrow.tex
`pst-arrow' v0.05, 2021/11/16 (dr,hv))
(/usr/local/texlive/2023/texmf-dist/tex/generic/pst-3d/pst-3d.tex
`PST-3d' v1.11, 2010/02/14 (tvz))
(/usr/local/texlive/2023/texmf-dist/tex/generic/pst-math/pst-math.tex
`pst-math' v0.67 , (CJ,hv)) `pstricks-add' v3.94, 2023/04/17 (dr,hv)
\psparallelogramsep=\dimen320
\pst@cntC=\count356
\pst@stepcount=\count357
\chart@ColorIndex=\dimen321
\chart@ColorStep=\dimen322
\pst@chartHeight=\dimen323
\pst@chartStackDepth=\dimen324
\pst@chartStackWidth=\dimen325
\chart@Toggle=\count358
\psVectorCtr=\count359
)
 v1.94, 2022/11/21 (tvz,hv)
\pstRadUnit=\dimen326
\pstRadUnitInv=\dimen327
\pst@linecnt=\count360
\RCD@file=\read4
\psxlabelsep=\dimen328
\psylabelsep=\dimen329
\psk@subticksize=\dimen330
\pst@xticksizeA=\dimen331
\pst@xticksizeB=\dimen332
\pst@xticksizeC=\dimen333
\pst@yticksizeA=\dimen334
\pst@yticksizeB=\dimen335
\pst@yticksizeC=\dimen336
\@digitcounter=\count361
\psk@llx=\dimen337
\psk@lly=\dimen338
\psk@urx=\dimen339
\psk@ury=\dimen340
\pst@xunit=\dimen341
\pst@yunit=\dimen342
)
File: pst-plot.tex 2022/11/21 1.94 `pst-plot' (tvz,hv)
)
(/usr/local/texlive/2023/texmf-dist/tex/latex/pst-node/pst-node.sty
Package: pst-node 2012/09/18 v1.01 LaTeX wrapper for `pst-node' (HV)
Package: pst-node 2010/04/22 package wrapper for pst-node.tex

(/usr/local/texlive/2023/texmf-dist/tex/generic/pst-node/pst-node.tex)
File: pst-node.tex 2022/11/21 1.94 `pst-node' (tvz,hv)
)
(/usr/local/texlive/2023/texmf-dist/tex/latex/pst-3d/pst-3d.sty
Package: pst-3d 2009/07/28 package wrapper for pst-3d.tex (hv)

(/usr/local/texlive/2023/texmf-dist/tex/generic/pst-3d/pst-3d.tex)
File: pst-3d.tex 2022/11/21 v1.94 `PST-3d' (hv)
)
(/usr/local/texlive/2023/texmf-dist/tex/latex/pst-math/pst-math.sty
Package: pst-math 2023/07/03 v 0.67 package wrapper for PSTricks pst-math.tex

(/usr/local/texlive/2023/texmf-dist/tex/latex/pst-calculate/pst-calculate.sty
Package: pst-calculate 2019/01/24 v. 0.02(Herbert Voss) Support for caculations
 with floating point numbers.

(/usr/local/texlive/2023/texmf-dist/tex/latex/l3packages/xparse/xparse.sty
(/usr/local/texlive/2023/texmf-dist/tex/latex/l3kernel/expl3.sty
Package: expl3 2024-01-22 L3 programming layer (loader) 

(/usr/local/texlive/2023/texmf-dist/tex/latex/l3backend/l3backend-xetex.def
File: l3backend-xetex.def 2024-01-04 L3 backend support: XeTeX
\g__graphics_track_int=\count362
\l__pdf_internal_box=\box114
\g__pdf_backend_object_int=\count363
\g__pdf_backend_annotation_int=\count364
\g__pdf_backend_link_int=\count365
))
Package: xparse 2023-10-10 L3 Experimental document command parser
)
(/usr/local/texlive/2023/texmf-dist/tex/latex/siunitx/siunitx.sty
Package: siunitx 2024-02-07 v3.3.11 A comprehensive (SI) units package
\l__siunitx_number_uncert_offset_int=\count366
\l__siunitx_number_exponent_fixed_int=\count367
\l__siunitx_number_min_decimal_int=\count368
\l__siunitx_number_min_integer_int=\count369
\l__siunitx_number_round_precision_int=\count370
\l__siunitx_number_lower_threshold_int=\count371
\l__siunitx_number_upper_threshold_int=\count372
\l__siunitx_number_group_first_int=\count373
\l__siunitx_number_group_size_int=\count374
\l__siunitx_number_group_minimum_int=\count375
\l__siunitx_angle_tmp_dim=\dimen343
\l__siunitx_angle_marker_box=\box115
\l__siunitx_angle_unit_box=\box116
\l__siunitx_compound_count_int=\count376

(/usr/local/texlive/2023/texmf-dist/tex/latex/translations/translations.sty
Package: translations 2022/02/05 v1.12 internationalization of LaTeX2e packages
 (CN)

(/usr/local/texlive/2023/texmf-dist/tex/latex/etoolbox/etoolbox.sty
Package: etoolbox 2020/10/05 v2.5k e-TeX tools for LaTeX (JAW)
\etb@tempcnta=\count377
)
(/usr/local/texlive/2023/texmf-dist/tex/generic/pdftexcmds/pdftexcmds.sty
Package: pdftexcmds 2020-06-27 v0.33 Utility functions of pdfTeX for LuaTeX (HO
)

(/usr/local/texlive/2023/texmf-dist/tex/generic/infwarerr/infwarerr.sty
Package: infwarerr 2019/12/03 v1.5 Providing info/warning/error messages (HO)
)
(/usr/local/texlive/2023/texmf-dist/tex/generic/ltxcmds/ltxcmds.sty
Package: ltxcmds 2023-12-04 v1.26 LaTeX kernel commands for general use (HO)
)
Package pdftexcmds Info: \pdf@primitive is available.
Package pdftexcmds Info: \pdf@ifprimitive is available.
Package pdftexcmds Info: \pdfdraftmode not found.
))
\l__siunitx_table_tmp_box=\box117
\l__siunitx_table_tmp_dim=\dimen344
\l__siunitx_table_column_width_dim=\dimen345
\l__siunitx_table_integer_box=\box118
\l__siunitx_table_decimal_box=\box119
\l__siunitx_table_uncert_box=\box120
\l__siunitx_table_before_box=\box121
\l__siunitx_table_after_box=\box122
\l__siunitx_table_before_dim=\dimen346
\l__siunitx_table_carry_dim=\dimen347
\l__siunitx_unit_tmp_int=\count378
\l__siunitx_unit_position_int=\count379
\l__siunitx_unit_total_int=\count380

(/usr/local/texlive/2023/texmf-dist/tex/latex/tools/array.sty
Package: array 2023/10/16 v2.5g Tabular extension package (FMi)
\col@sep=\dimen348
\ar@mcellbox=\box123
\extrarowheight=\dimen349
\NC@list=\toks49
\extratabsurround=\skip60
\backup@length=\skip61
\ar@cellbox=\box124
)))
(/usr/local/texlive/2023/texmf-dist/tex/generic/xstring/xstring.sty
(/usr/local/texlive/2023/texmf-dist/tex/generic/xstring/xstring.tex
\xs_counta=\count381
\xs_countb=\count382
)
Package: xstring 2023/08/22 v1.86 String manipulations (CT)
)
(/usr/local/texlive/2023/texmf-dist/tex/generic/pst-math/pst-math.tex)
File: pst-math.tex 2022/11/21 v1.94 `PST-math' (hv)
\c@Rand@No=\count383
\c@Random@Left=\count384
\c@Random@Right=\count385
\c@Random@No@max=\count386
)
Package: pstricks-add 2021/09/10 v. 0.17 package wrapper for pstricks-add.tex (
hv)

(/usr/local/texlive/2023/texmf-dist/tex/generic/pstricks-add/pstricks-add.tex)
File: pstricks-add.tex 2022/11/21 v1.94 `PSTricks-add' (hv)
)
(/usr/local/texlive/2023/texmf-dist/tex/generic/pgf/frontendlayer/tikz/librarie
s/tikzlibraryarrows.code.tex
File: tikzlibraryarrows.code.tex 2023-01-15 v3.1.10 (3.1.10)

(/usr/local/texlive/2023/texmf-dist/tex/generic/pgf/libraries/pgflibraryarrows.
code.tex
File: pgflibraryarrows.code.tex 2023-01-15 v3.1.10 (3.1.10)
\arrowsize=\dimen350
)) (/usr/local/texlive/2023/texmf-dist/tex/latex/jknapltx/mathrsfs.sty
Package: mathrsfs 1996/01/01 Math RSFS package v1.0 (jk)
\symrsfs=\mathgroup6
) (/usr/local/texlive/2023/texmf-dist/tex/latex/base/ifthen.sty
Package: ifthen 2022/04/13 v1.1d Standard LaTeX ifthen package (DPC)
)
(/usr/local/texlive/2023/texmf-dist/tex/latex/pdfpages/pdfpages.sty
Package: pdfpages 2024/01/21 v0.5y Insert pages of external PDF documents (AM)

(/usr/local/texlive/2023/texmf-dist/tex/latex/eso-pic/eso-pic.sty
Package: eso-pic 2023/05/03 v3.0c eso-pic (RN)
\ESO@tempdima=\dimen351
\ESO@tempdimb=\dimen352
)
\AM@pagewidth=\dimen353
\AM@pageheight=\dimen354
\AM@fboxrule=\dimen355

(/usr/local/texlive/2023/texmf-dist/tex/latex/pdfpages/ppxetex.def
File: ppxetex.def 2024/01/21 v0.5y Pdfpages driver for XeTeX (AM)
)
\pdfpages@includegraphics@status=\count387
\AM@pagebox=\box125
\AM@global@opts=\toks50
\AM@pagecnt=\count388
\AM@toc@title=\toks51
\AM@lof@heading=\toks52
\c@AM@survey=\count389
\AM@templatesizebox=\box126
)
(/usr/local/texlive/2023/texmf-dist/tex/latex/geometry/geometry.sty
Package: geometry 2020/01/02 v5.9 Page Geometry

(/usr/local/texlive/2023/texmf-dist/tex/generic/iftex/ifvtex.sty
Package: ifvtex 2019/10/25 v1.7 ifvtex legacy package. Use iftex instead.
)
\Gm@cnth=\count390
\Gm@cntv=\count391
\c@Gm@tempcnt=\count392
\Gm@bindingoffset=\dimen356
\Gm@wd@mp=\dimen357
\Gm@odd@mp=\dimen358
\Gm@even@mp=\dimen359
\Gm@layoutwidth=\dimen360
\Gm@layoutheight=\dimen361
\Gm@layouthoffset=\dimen362
\Gm@layoutvoffset=\dimen363
\Gm@dimlist=\toks53
)
(/usr/local/texlive/2023/texmf-dist/tex/latex/fancyhdr/fancyhdr.sty
Package: fancyhdr 2022/11/09 v4.1 Extensive control of page headers and footers

\f@nch@headwidth=\skip62
\f@nch@O@elh=\skip63
\f@nch@O@erh=\skip64
\f@nch@O@olh=\skip65
\f@nch@O@orh=\skip66
\f@nch@O@elf=\skip67
\f@nch@O@erf=\skip68
\f@nch@O@olf=\skip69
\f@nch@O@orf=\skip70
)
(/usr/local/texlive/2023/texmf-dist/tex/latex/hyperref/hyperref.sty
Package: hyperref 2024-01-20 v7.01h Hypertext links for LaTeX

(/usr/local/texlive/2023/texmf-dist/tex/latex/kvsetkeys/kvsetkeys.sty
Package: kvsetkeys 2022-10-05 v1.19 Key value parser (HO)
)
(/usr/local/texlive/2023/texmf-dist/tex/generic/kvdefinekeys/kvdefinekeys.sty
Package: kvdefinekeys 2019-12-19 v1.6 Define keys (HO)
)
(/usr/local/texlive/2023/texmf-dist/tex/generic/pdfescape/pdfescape.sty
Package: pdfescape 2019/12/09 v1.15 Implements pdfTeX's escape features (HO)
)
(/usr/local/texlive/2023/texmf-dist/tex/latex/hycolor/hycolor.sty
Package: hycolor 2020-01-27 v1.10 Color options for hyperref/bookmark (HO)
)
(/usr/local/texlive/2023/texmf-dist/tex/latex/auxhook/auxhook.sty
Package: auxhook 2019-12-17 v1.6 Hooks for auxiliary files (HO)
)
(/usr/local/texlive/2023/texmf-dist/tex/latex/hyperref/nameref.sty
Package: nameref 2023-11-26 v2.56 Cross-referencing by name of section

(/usr/local/texlive/2023/texmf-dist/tex/latex/refcount/refcount.sty
Package: refcount 2019/12/15 v3.6 Data extraction from label references (HO)
)
(/usr/local/texlive/2023/texmf-dist/tex/generic/gettitlestring/gettitlestring.s
ty
Package: gettitlestring 2019/12/15 v1.6 Cleanup title references (HO)
 (/usr/local/texlive/2023/texmf-dist/tex/latex/kvoptions/kvoptions.sty
Package: kvoptions 2022-06-15 v3.15 Key value format for package options (HO)
))
\c@section@level=\count393
)
\@linkdim=\dimen364
\Hy@linkcounter=\count394
\Hy@pagecounter=\count395

(/usr/local/texlive/2023/texmf-dist/tex/latex/hyperref/pd1enc.def
File: pd1enc.def 2024-01-20 v7.01h Hyperref: PDFDocEncoding definition (HO)
)
(/usr/local/texlive/2023/texmf-dist/tex/generic/intcalc/intcalc.sty
Package: intcalc 2019/12/15 v1.3 Expandable calculations with integers (HO)
)
\Hy@SavedSpaceFactor=\count396

(/usr/local/texlive/2023/texmf-dist/tex/latex/hyperref/puenc.def
File: puenc.def 2024-01-20 v7.01h Hyperref: PDF Unicode definition (HO)
)
Package hyperref Info: Hyper figures OFF on input line 4179.
Package hyperref Info: Link nesting OFF on input line 4184.
Package hyperref Info: Hyper index ON on input line 4187.
Package hyperref Info: Plain pages OFF on input line 4194.
Package hyperref Info: Backreferencing OFF on input line 4199.
Package hyperref Info: Implicit mode ON; LaTeX internals redefined.
Package hyperref Info: Bookmarks ON on input line 4446.
\c@Hy@tempcnt=\count397

(/usr/local/texlive/2023/texmf-dist/tex/latex/url/url.sty
\Urlmuskip=\muskip17
Package: url 2013/09/16  ver 3.4  Verb mode for urls, etc.
)
LaTeX Info: Redefining \url on input line 4784.
\XeTeXLinkMargin=\dimen365

(/usr/local/texlive/2023/texmf-dist/tex/generic/bitset/bitset.sty
Package: bitset 2019/12/09 v1.3 Handle bit-vector datatype (HO)

(/usr/local/texlive/2023/texmf-dist/tex/generic/bigintcalc/bigintcalc.sty
Package: bigintcalc 2019/12/15 v1.5 Expandable calculations on big integers (HO
)
))
\Fld@menulength=\count398
\Field@Width=\dimen366
\Fld@charsize=\dimen367
Package hyperref Info: Hyper figures OFF on input line 6063.
Package hyperref Info: Link nesting OFF on input line 6068.
Package hyperref Info: Hyper index ON on input line 6071.
Package hyperref Info: backreferencing OFF on input line 6078.
Package hyperref Info: Link coloring OFF on input line 6083.
Package hyperref Info: Link coloring with OCG OFF on input line 6088.
Package hyperref Info: PDF/A mode OFF on input line 6093.

(/usr/local/texlive/2023/texmf-dist/tex/latex/base/atbegshi-ltx.sty
Package: atbegshi-ltx 2021/01/10 v1.0c Emulation of the original atbegshi
package with kernel methods
)
\Hy@abspage=\count399
\c@Item=\count400
\c@Hfootnote=\count401
)
Package hyperref Info: Driver (autodetected): hxetex.

(/usr/local/texlive/2023/texmf-dist/tex/latex/hyperref/hxetex.def
File: hxetex.def 2024-01-20 v7.01h Hyperref driver for XeTeX

(/usr/local/texlive/2023/texmf-dist/tex/generic/stringenc/stringenc.sty
Package: stringenc 2019/11/29 v1.12 Convert strings between diff. encodings (HO
)
)
\pdfm@box=\box127
\c@Hy@AnnotLevel=\count402
\HyField@AnnotCount=\count403
\Fld@listcount=\count404
\c@bookmark@seq@number=\count405

(/usr/local/texlive/2023/texmf-dist/tex/latex/rerunfilecheck/rerunfilecheck.sty
Package: rerunfilecheck 2022-07-10 v1.10 Rerun checks for auxiliary files (HO)
(/usr/local/texlive/2023/texmf-dist/tex/latex/base/atveryend-ltx.sty
Package: atveryend-ltx 2020/08/19 v1.0a Emulation of the original atveryend pac
kage
with kernel methods
)
(/usr/local/texlive/2023/texmf-dist/tex/generic/uniquecounter/uniquecounter.sty
Package: uniquecounter 2019/12/15 v1.4 Provide unlimited unique counter (HO)
)
Package uniquecounter Info: New unique counter `rerunfilecheck' on input line 2
85.
)
\Hy@SectionHShift=\skip71
)
\c@pointsexercice=\count406
\c@pointssujetTOTAL=\count407
\c@numeroexercice=\count408
\c@remarque=\count409
\c@bug=\count410
\c@dsxl=\count411
 (./DSXL_3_doc_and_exercices.aux)
\openout1 = `DSXL_3_doc_and_exercices.aux'.

LaTeX Font Info:    Checking defaults for OML/cmm/m/it on input line 178.
LaTeX Font Info:    ... okay on input line 178.
LaTeX Font Info:    Checking defaults for OMS/cmsy/m/n on input line 178.
LaTeX Font Info:    ... okay on input line 178.
LaTeX Font Info:    Checking defaults for OT1/cmr/m/n on input line 178.
LaTeX Font Info:    ... okay on input line 178.
LaTeX Font Info:    Checking defaults for T1/cmr/m/n on input line 178.
LaTeX Font Info:    ... okay on input line 178.
LaTeX Font Info:    Checking defaults for TS1/cmr/m/n on input line 178.
LaTeX Font Info:    Trying to load font information for TS1+cmr on input line 1
78.

(/usr/local/texlive/2023/texmf-dist/tex/latex/base/ts1cmr.fd
File: ts1cmr.fd 2023/04/13 v2.5m Standard LaTeX font definitions
)
LaTeX Font Info:    ... okay on input line 178.
LaTeX Font Info:    Checking defaults for TU/lmr/m/n on input line 178.
LaTeX Font Info:    ... okay on input line 178.
LaTeX Font Info:    Checking defaults for OMX/cmex/m/n on input line 178.
LaTeX Font Info:    ... okay on input line 178.
LaTeX Font Info:    Checking defaults for U/cmr/m/n on input line 178.
LaTeX Font Info:    ... okay on input line 178.
LaTeX Font Info:    Checking defaults for PD1/pdf/m/n on input line 178.
LaTeX Font Info:    ... okay on input line 178.
LaTeX Font Info:    Checking defaults for PU/pdf/m/n on input line 178.
LaTeX Font Info:    ... okay on input line 178.
LaTeX Info: Redefining \degres on input line 178.
LaTeX Info: Redefining \up on input line 178.

Package pgfplots notification 'compat/show suggested version=true': you might b
enefit from \pgfplotsset{compat=1.18} (current compat level: 1.17).


(/usr/local/texlive/2023/texmf-dist/tex/latex/translations/translations-basic-d
ictionary-french.trsl
File: translations-basic-dictionary-french.trsl (french translation file `trans
lations-basic-dictionary')
)
Package translations Info: loading dictionary `translations-basic-dictionary' f
or `french'. on input line 178.

(/usr/local/texlive/2023/texmf-dist/tex/latex/pdflscape/pdflscape.sty
Package: pdflscape 2022-10-27 v0.13 Display of landscape pages in PDF

(/usr/local/texlive/2023/texmf-dist/tex/latex/pdflscape/pdflscape-nometadata.st
y
Package: pdflscape-nometadata 2022-10-28 v0.13 Display of landscape pages in PD
F (HO)
 (/usr/local/texlive/2023/texmf-dist/tex/latex/graphics/lscape.sty
Package: lscape 2020/05/28 v3.02 Landscape Pages (DPC)
)
Package pdflscape Info: Auto-detected driver: dvipdfm (xetex) on input line 98.

))
*geometry* driver: auto-detecting
*geometry* detected driver: xetex
*geometry* verbose mode - [ preamble ] result:
* driver: xetex
* paper: <default>
* layout: <same size as paper>
* layoutoffset:(h,v)=(0.0pt,0.0pt)
* modes: twoside 
* h-part:(L,W,R)=(56.9055pt, 500.484pt, 56.9055pt)
* v-part:(T,H,B)=(56.9055pt, 681.15898pt, 56.9055pt)
* \paperwidth=614.295pt
* \paperheight=794.96999pt
* \textwidth=500.484pt
* \textheight=681.15898pt
* \oddsidemargin=-15.36449pt
* \evensidemargin=-15.36449pt
* \topmargin=-45.43198pt
* \headheight=12.0pt
* \headsep=18.06749pt
* \topskip=10.0pt
* \footskip=25.29494pt
* \marginparwidth=125.0pt
* \marginparsep=7.0pt
* \columnsep=10.0pt
* \skip\footins=9.0pt plus 4.0pt minus 2.0pt
* \hoffset=0.0pt
* \voffset=0.0pt
* \mag=1000
* \@twocolumnfalse
* \@twosidetrue
* \@mparswitchtrue
* \@reversemarginfalse
* (1in=72.27pt=25.4mm, 1cm=28.453pt)

Package hyperref Info: Link coloring OFF on input line 178.
(./DSXL_3_doc_and_exercices.out) (./DSXL_3_doc_and_exercices.out)
\@outlinefile=\write6
\openout6 = `DSXL_3_doc_and_exercices.out'.

LaTeX Font Info:    Trying to load font information for U+msa on input line 180
.

(/usr/local/texlive/2023/texmf-dist/tex/latex/amsfonts/umsa.fd
File: umsa.fd 2013/01/14 v3.01 AMS symbols A
)
LaTeX Font Info:    Trying to load font information for U+msb on input line 180
.

(/usr/local/texlive/2023/texmf-dist/tex/latex/amsfonts/umsb.fd
File: umsb.fd 2013/01/14 v3.01 AMS symbols B
)
LaTeX Font Info:    Trying to load font information for U+rsfs on input line 18
0.

(/usr/local/texlive/2023/texmf-dist/tex/latex/jknapltx/ursfs.fd
File: ursfs.fd 1998/03/24 rsfs font definition file (jk)
) [1


] [2

]
(./input_files/DSXL_3_doc_and_exercices_INTRODUCTION.tex) [1

] [2

]
(./DSXL_3_doc_and_exercices.toc)
\tf@toc=\write7
\openout7 = `DSXL_3_doc_and_exercices.toc'.

 [3] [4

] (./DSXL_3_doc_and_exercices.lof)
\tf@lof=\write8
\openout8 = `DSXL_3_doc_and_exercices.lof'.


[5] [6

] (./DSXL_3_doc_and_exercices.lot)
\tf@lot=\write9
\openout9 = `DSXL_3_doc_and_exercices.lot'.

 [7] [8

]
Chapitre 1.
(./input_files/DSXL_3_doc_and_exercices_ORGANISATION.tex) [1

] [2

]
Chapitre 2.
(./input_files/DSXL_3_doc_and_exercices_LISTES_EXERCICES.tex [3] [4]
Underfull \vbox (badness 10000) has occurred while \output is active []

 [5]
[6] [7]
Overfull \hbox (89.25264pt too wide) in paragraph at lines 474--475
[][] 
 []

[8]) [9] [10

]
Chapitre 3.

Package hyperref Warning: Token not allowed in a PDF string (Unicode):
(hyperref)                removing `math shift' on input line 196.


Package hyperref Warning: Token not allowed in a PDF string (Unicode):
(hyperref)                removing `math shift' on input line 196.


Package hyperref Warning: Token not allowed in a PDF string (Unicode):
(hyperref)                removing `math shift' on input line 196.


Package hyperref Warning: Token not allowed in a PDF string (Unicode):
(hyperref)                removing `math shift' on input line 196.


Package hyperref Warning: Token not allowed in a PDF string (Unicode):
(hyperref)                removing `math shift' on input line 196.


Package hyperref Warning: Token not allowed in a PDF string (Unicode):
(hyperref)                removing `math shift' on input line 196.

(./input_files/DSXL_3_doc_and_exercices_CREATION_EXERCICE.tex
File: ./images/creation_exercice_01.png Graphic file (type bmp)
<./images/creation_exercice_01.png>


Package hyperref Warning: Token not allowed in a PDF string (Unicode):
(hyperref)                removing `math shift' on input line 17.


Package hyperref Warning: Token not allowed in a PDF string (Unicode):
(hyperref)                removing `\@@underline' on input line 17.


Package hyperref Warning: Token not allowed in a PDF string (Unicode):
(hyperref)                removing `\hbox' on input line 17.


Package hyperref Warning: Token not allowed in a PDF string (Unicode):
(hyperref)                removing `\mathsurround' on input line 17.


Package hyperref Warning: Token not allowed in a PDF string (Unicode):
(hyperref)                removing `\z@' on input line 17.


Package hyperref Warning: Token not allowed in a PDF string (Unicode):
(hyperref)                removing `math shift' on input line 17.


Overfull \hbox (43.00603pt too wide) in paragraph at lines 41--43
\TU/lmr/bx/n/10 DSXL_3_programme/dsxl_tex_exercice/latex_wrapper_in_full/dsxl_t
ext_latex_wrapper_in.tex\TU/lmr/m/it/10 . 
 []


Overfull \hbox (2.223pt too wide) in paragraph at lines 52--54
\TU/lmr/bx/n/9 DSXL_3_programme/dsxl_tex_exercice/latex_wrapper_in_full/dsxl_te
xt_latex_wrapper_in.tex 
 []

[11]
Overfull \hbox (249.79715pt too wide) in paragraph at lines 68--69
[]\TU/lmr/m/n/10 Si vous est arrivé ici, c’est que vous avez un fichier Latex \
TU/lmr/bx/n/10 DSXL_3_programme/dsxl_tex_exercice/latex_wrapper_in_full/dsxl_te
xt_latex_wrapper_in.tex
 []


Overfull \hbox (25.568pt too wide) in paragraph at lines 206--206
[]\TU/lmtt/m/n/5 \item[2)] Déterminer les éventuels antécédents de $0$ ; $5$ et
 $-5$. On donnera les solutions exactes.[] 
 []


Overfull \hbox (150.35297pt too wide) in paragraph at lines 206--206
[]\TU/lmtt/m/n/5 Donc (propriété équation-produit), comme $1+\sqrt{6}\in D$ et 
$1-\sqrt{6}\in D$, on a l'ensemble des solutions $ S = \{1+\sqrt{6} \,;\,1-\sqr
t{6} \}$[] 
 []


Overfull \hbox (126.45798pt too wide) in paragraph at lines 206--206
[]\TU/lmtt/m/n/5 Donc (propriété équation-produit), comme $1+\sqrt{11}\not\in D
$ et $1-\sqrt{11}\in D$, on a l'ensemble des solutions $ S = \{1-\sqrt{11} \}$[
] 
 []

File: ./images/creation_exercice_02.png Graphic file (type bmp)
<./images/creation_exercice_02.png>
File: ./images/creation_exercice_03.png Graphic file (type bmp)
<./images/creation_exercice_03.png>

Underfull \vbox (badness 2088) has occurred while \output is active []

 [12]
Overfull \hbox (39.93602pt too wide) in paragraph at lines 275--277
\TU/lmr/bx/n/10 DSXL_3_programme/dsxl_tex_exercice/latex_wrapper_in_full/dsxl_t
ext_latex_wrapper_in.tex 
 []

[13]
Overfull \hbox (16.96602pt too wide) in paragraph at lines 285--286
[]\TU/lmr/bx/n/10 DSXL_3_programme/dsxl_tex_exercice/latex_wrapper_in_full/dsxl
_text_latex_wrapper_out.tex 
 []

File: ./images/creation_exercice_04.png Graphic file (type bmp)
<./images/creation_exercice_04.png>
File: ./images/creation_exercice_05.png Graphic file (type bmp)
<./images/creation_exercice_05.png>
File: ./images/creation_exercice_06.png Graphic file (type bmp)
<./images/creation_exercice_06.png>

Underfull \hbox (badness 10000) in paragraph at lines 309--310

 []

File: ./images/creation_exercice_07.png Graphic file (type bmp)
<./images/creation_exercice_07.png>
File: ./images/creation_exercice_08.png Graphic file (type bmp)
<./images/creation_exercice_08.png>

Underfull \vbox (badness 10000) has occurred while \output is active []

 [14]
File: ./images/creation_exercice_09.png Graphic file (type bmp)
<./images/creation_exercice_09.png>
File: ./images/creation_exercice_10.png Graphic file (type bmp)
<./images/creation_exercice_10.png>

[15]
Overfull \hbox (16.78pt too wide) in paragraph at lines 369--372
\TU/lmr/bx/n/9 DSXL_3_programme/dsxl_tex_exercice/latex_wrapper_in_full/dsxl_te
xt_latex_wrapper_out.tex \TU/lmr/m/n/10 en mode
 []

File: ./images/creation_exercice_11.png Graphic file (type bmp)
<./images/creation_exercice_11.png>
File: ./images/creation_exercice_12.png Graphic file (type bmp)
<./images/creation_exercice_12.png>
File: ./images/creation_exercice_13.png Graphic file (type bmp)
<./images/creation_exercice_13.png>
[16]
Overfull \hbox (19.74602pt too wide) in paragraph at lines 412--414
\TU/lmr/bx/n/10 DSXL_3_programme/dsxl_tex_exercice/latex_wrapper_in_full/dsxl_t
ext_latex_wrapper_out.tex\TU/lmr/m/n/10 . 
 []

File: ./images/creation_exercice_var_01.png Graphic file (type bmp)
<./images/creation_exercice_var_01.png>
File: ./images/creation_exercice_var_02.png Graphic file (type bmp)
<./images/creation_exercice_var_02.png>

Overfull \hbox (11.66464pt too wide) in paragraph at lines 428--430
 [][] 
 []


Overfull \hbox (7.266pt too wide) in paragraph at lines 441--441
 []  \TU/lmtt/m/n/10 \draw[line width=2.pt,smooth,samples=100,domain=-3.0:4.0] 
plot(\x,{(\x)^(2.0)-2*(\x)-5});[] 
 []


Overfull \hbox (28.266pt too wide) in paragraph at lines 456--456
 []\TU/lmtt/m/n/10 Par lecture graphique on trouve $S = [-3\,;\,-0.7] \cup  [2.
7\,;\,4]$ \poids{5} %en pourcentage[] 
 []

[17]
Overfull \hbox (26.21931pt too wide) in paragraph at lines 478--480
[][]\TU/lmr/m/it/10 Le remplacement de $\OMS/cmsy/m/n/10 ^^@\OT1/cmr/m/n/10 3$ 
\TU/lmr/m/it/10 par $\OMS/cmsy/m/n/10 n$\TU/lmr/m/it/10 var$\OMS/cmsy/m/n/10 f\
OML/cmm/m/it/10 xA\OMS/cmsy/m/n/10 gf^^@\OT1/cmr/m/n/10 3\OMS/cmsy/m/n/10 g$ \T
U/lmr/m/it/10 et $\OT1/cmr/m/n/10 4$ \TU/lmr/m/it/10 par $\OMS/cmsy/m/n/10 n$\T
U/lmr/m/it/10 var$\OMS/cmsy/m/n/10 f\OML/cmm/m/it/10 xB\OMS/cmsy/m/n/10 gf\OT1/
cmr/m/n/10 4\OMS/cmsy/m/n/10 g$
 []


Overfull \hbox (96.516pt too wide) in paragraph at lines 492--492
 [] \TU/lmtt/m/n/10 %\draw[line width=2.pt,smooth,samples=100,domain=\var{xA}{-
3}:\var{xB}{4.}] plot(\x,{(\x)^(2.0)-2*(\x)-5});[] 
 []


Overfull \hbox (117.516pt too wide) in paragraph at lines 508--508
 []\TU/lmtt/m/n/10 Par lecture graphique on trouve $S =\var{ques5solS}{ [-3\,;\
,-0.7] \cup  [2.7\,;\,4]}$ \poids{5} %en pourcentage[] 
 []

File: ./images/creation_exercice_var_03b.png Graphic file (type bmp)
<./images/creation_exercice_var_03b.png>
[18]
File: ./images/creation_exercice_var_03c.png Graphic file (type bmp)
<./images/creation_exercice_var_03c.png>

Missing character: There is no − ("2212) in font cmr10!
Missing character: There is no − ("2212) in font cmr10!

Overfull \hbox (16.78pt too wide) in paragraph at lines 577--580
\TU/lmr/bx/n/9 DSXL_3_programme/dsxl_tex_exercice/latex_wrapper_in_full/dsxl_te
xt_latex_wrapper_out.tex \TU/lmr/m/n/10 en mode
 []

File: ./images/creation_exercice_var_04a.png Graphic file (type bmp)
<./images/creation_exercice_var_04a.png>
File: ./images/creation_exercice_var_04b.png Graphic file (type bmp)
<./images/creation_exercice_var_04b.png>
File: ./images/creation_exercice_var_04c.png Graphic file (type bmp)
<./images/creation_exercice_var_04c.png>

Underfull \vbox (badness 4001) has occurred while \output is active []

 [19]
Underfull \hbox (badness 10000) in paragraph at lines 591--592

 []


Overfull \hbox (96.51602pt too wide) in paragraph at lines 598--598
 []\TU/lmtt/m/n/9 %\draw[line width=2.pt,smooth,samples=100,domain=\var{xA}{-3}
:\var{xB}{4.}] plot(\x,{\var{ftikz}{(\x)^(2.0)-2*(\x)-5}});[] 
 []

File: ./images/creation_exercice_var_05a.png Graphic file (type bmp)
<./images/creation_exercice_var_05a.png>
File: ./images/creation_exercice_var_05b.png Graphic file (type bmp)
<./images/creation_exercice_var_05b.png>

Overfull \hbox (8.75842pt too wide) in paragraph at lines 602--608
 [] 
 []

[20]
Underfull \hbox (badness 10000) in paragraph at lines 659--660

 []


Overfull \hbox (9.81624pt too wide) in paragraph at lines 720--720
[]                        \TU/lmtt/m/n/9 if (yB>ymin+margey) and (yB<ymax-marge
y) and (yA>ymin+margey) and (yA<ymax-margey) :[] 
 []

[21]
Overfull \hbox (227.16635pt too wide) in paragraph at lines 720--720
[]                                \TU/lmtt/m/n/9 # La condition suivante permet
 juste de restreindre le nombre de possibilités en imposant un nombre minimal d
e solutions :[] 
 []


Overfull \hbox (5.09123pt too wide) in paragraph at lines 720--720
[]                                \TU/lmtt/m/n/9 if not(len(list_y_0_sol)<5 or 
len(list_y_1_sol)<5 or len(list_y_2_sol)<5) :[] 
 []


Overfull \hbox (19.26653pt too wide) in paragraph at lines 720--720
[]                                    \TU/lmtt/m/n/9 print('A(',xA,' , ',yA,' )
 B( ',xB,' , ',yB,' ) , P ( ', x0,' , ',y0,' ) \[] 
 []

[22]
Overfull \hbox (343.266pt too wide) in paragraph at lines 771--771
 []  \TU/lmtt/m/n/10 r'quespBq3sol2ant:\begin{array}{lll} f(x) &=& 0 \\ (x-1)^2
 -6  &=&0 \\ (x-1)^2-(\sqrt{6})^2  &=&0 \\ (x-1-\sqrt{6})  (x-1+\sqrt{6}) &=&0 
\\\end{array}' ,[] 
 []


Overfull \hbox (458.766pt too wide) in paragraph at lines 771--771
 []  \TU/lmtt/m/n/10 r'quespBq3sol1ant:\begin{array}{lll} f(x) &=&5 \\ (x-1)^2 
-6  &=&5 \\  (x-1)^2 -11  &=&0 \\ (x-1)^2 -(\sqrt{11})^2  &=&0 \\ (x-1-\sqrt{11
})  (x-1+\sqrt{11}) &=&0\end{array}' ,[] 
 []


Package hyperref Warning: Token not allowed in a PDF string (Unicode):
(hyperref)                removing `math shift' on input line 776.


Package hyperref Warning: Token not allowed in a PDF string (Unicode):
(hyperref)                removing `\@@underline' on input line 776.


Package hyperref Warning: Token not allowed in a PDF string (Unicode):
(hyperref)                removing `\hbox' on input line 776.


Package hyperref Warning: Token not allowed in a PDF string (Unicode):
(hyperref)                removing `\mathsurround' on input line 776.


Package hyperref Warning: Token not allowed in a PDF string (Unicode):
(hyperref)                removing `\z@' on input line 776.


Package hyperref Warning: Token not allowed in a PDF string (Unicode):
(hyperref)                removing `math shift' on input line 776.


Package hyperref Warning: Token not allowed in a PDF string (Unicode):
(hyperref)                removing `math shift' on input line 777.


Package hyperref Warning: Token not allowed in a PDF string (Unicode):
(hyperref)                removing `math shift' on input line 777.


Overfull \hbox (224.016pt too wide) in paragraph at lines 825--825
[]        \TU/lmtt/m/n/10 'liste_notions' :  [ '2nd' , 'développement' , 'fonct
ion polynôme' , 'lecture graphique' , 'maximum' , 'tableau de variations' ] ,[]
 
 []


Overfull \hbox (19.266pt too wide) in paragraph at lines 825--825
[]                              \TU/lmtt/m/n/10 'ypAq3a:-5' , 'ypAq3b2ant:2' , 
'xpAq3bsol1:-1.8' , 'xpAq3bsol2:3.7' ,[] 
 []


Overfull \hbox (455.016pt too wide) in paragraph at lines 825--825
[]                              \TU/lmtt/m/n/10 'quespBq3sol2ant:\begin{array}{
lll} f(x) &=& 0 \\ (x-1)^2 -6  &=&0 \\ (x-1)^2-(\sqrt{6})^2  &=&0 \\ (x-1-\sqrt
{6})  (x-1+\sqrt{6}) &=&0 \\\end{array}' ,[] 
 []


Overfull \hbox (570.516pt too wide) in paragraph at lines 825--825
[]                              \TU/lmtt/m/n/10 'quespBq3sol1ant:\begin{array}{
lll} f(x) &=&5 \\ (x-1)^2 -6  &=&5 \\  (x-1)^2 -11  &=&0 \\ (x-1)^2 -(\sqrt{11}
)^2  &=&0 \\ (x-1-\sqrt{11})  (x-1+\sqrt{11}) &=&0\end{array}' ,[] 
 []

[23]
Overfull \hbox (66.516pt too wide) in paragraph at lines 834--834
[]\TU/lmtt/m/n/10 SyntaxError: (unicode error) 'unicodeescape' codec can't deco
de bytes in position 7-8: truncated \xXX escape[] 
 []


Package imakeidx Warning: Undefined index file `DSXL_3_doc_and_exercices' on in
put line 845.


Overfull \hbox (53.92377pt too wide) in paragraph at lines 845--846
[]\TU/lmr/m/n/10 Pour plus d’explications sur unicode error, voir : []$[][][][]
[] [] [] [] [][][] [] [][][][][][][][][][][][] [] [][][] [] [][][][][][][][][] 
[] [][][][][][][][][] [] [][][][][][][][][][][][][][][][][][][]$[] 
 []


Overfull \hbox (24.516pt too wide) in paragraph at lines 891--891
[]                              \TU/lmtt/m/n/10 r'ypAq3a:-5' , 'ypAq3b2ant:2' ,
 'xpAq3bsol1:-1.8' , 'xpAq3bsol2:3.7' ,[] 
 []


Overfull \hbox (460.266pt too wide) in paragraph at lines 891--891
[]                              \TU/lmtt/m/n/10 r'quespBq3sol2ant:\begin{array}
{lll} f(x) &=& 0 \\ (x-1)^2 -6  &=&0 \\ (x-1)^2-(\sqrt{6})^2  &=&0 \\ (x-1-\sqr
t{6})  (x-1+\sqrt{6}) &=&0 \\\end{array}' ,[] 
 []


Overfull \hbox (575.766pt too wide) in paragraph at lines 891--891
[]                              \TU/lmtt/m/n/10 r'quespBq3sol1ant:\begin{array}
{lll} f(x) &=&5 \\ (x-1)^2 -6  &=&5 \\  (x-1)^2 -11  &=&0 \\ (x-1)^2 -(\sqrt{11
})^2  &=&0 \\ (x-1-\sqrt{11})  (x-1+\sqrt{11}) &=&0\end{array}' ,[] 
 []

[24] [25]
Overfull \hbox (355.266pt too wide) in paragraph at lines 993--993
[]    \TU/lmtt/m/n/10 quespBq3sol2ant = r'\begin{array}{lll}  f(x) &=& 0 \\  (x
-1)^2 -6  &=&0 \\  (x-1)^2 -(\sqrt{6})^2  &=&0 \\  (x-1-\sqrt{6})  (x-1+\sqrt{6
}) &=&0 \\ \end{array}'[] 
 []


Overfull \hbox (465.516pt too wide) in paragraph at lines 993--993
[]    \TU/lmtt/m/n/10 quespBq3sol1ant = r'\begin{array}{lll} f(x) &=&5 \\  (x-1
)^2 -6  &=&5 \\   (x-1)^2 -11  &=&0 \\  (x-1)^2 -(\sqrt{11})^2  &=&0 \\  (x-1-\
sqrt{11})  (x-1+\sqrt{11}) &=&0 \end{array}'[] 
 []


Overfull \hbox (423.45586pt too wide) in paragraph at lines 1038--1038
[]\TU/lmtt/m/n/5 valeurs par defaut --> quespBq3sol2ant:\begin{array}{lll} f(x)
 &=& 0 \\ (x-1)^2 -6  &=&0 \\ (x-1)^2-(\sqrt{6})^2  &=&0 \\ (x-1-\sqrt{6})  (x-
1+\sqrt{6}) &=&0 \\\end{array} | quespBq3sol2ant:\begin{array}{lll}  f(x) &=& 0
 \\  (x-1)^2 -6  &=&0 \\  (x-1)^2 -(\sqrt{6})^2  &=&0 \\  (x-1-\sqrt{6})  (x-1+
\sqrt{6}) &=&0 \\ \end{array}  <---votre valeur :[] 
 []

[26]
Overfull \hbox (537.6208pt too wide) in paragraph at lines 1038--1038
[]\TU/lmtt/m/n/5 valeurs par defaut --> quespBq3sol1ant:\begin{array}{lll} f(x)
 &=&5 \\ (x-1)^2 -6  &=&5 \\  (x-1)^2 -11  &=&0 \\ (x-1)^2 -(\sqrt{11})^2  &=&0
 \\ (x-1-\sqrt{11})  (x-1+\sqrt{11}) &=&0\end{array} | quespBq3sol1ant:\begin{a
rray}{lll} f(x) &=&5 \\  (x-1)^2 -6  &=&5 \\   (x-1)^2 -11  &=&0 \\  (x-1)^2 -(
\sqrt{11})^2  &=&0 \\  (x-1-\sqrt{11})  (x-1+\sqrt{11}) &=&0 \end{array}  <---v
otre valeur :[] 
 []


Overfull \hbox (28.266pt too wide) in paragraph at lines 1104--1104
 []  \TU/lmtt/m/n/10 r'fm2pBq1:(\sqrt{2})^2 - 2 \times \sqrt{2} -5 = 2 - 2 \tim
es \sqrt{2} -5 =  -3 - 2  \sqrt{2}'[] 
 []


Overfull \hbox (343.266pt too wide) in paragraph at lines 1104--1104
 []  \TU/lmtt/m/n/10 r'quespBq3sol2ant:\begin{array}{lll} f(x) &=& 0 \\ (x-1)^2
 -6  &=&0 \\ (x-1)^2-(\sqrt{6})^2  &=&0 \\ (x-1-\sqrt{6})  (x-1+\sqrt{6}) &=&0 
\\\end{array}' ,[] 
 []


Overfull \hbox (458.766pt too wide) in paragraph at lines 1104--1104
 []  \TU/lmtt/m/n/10 r'quespBq3sol1ant:\begin{array}{lll} f(x) &=&5 \\ (x-1)^2 
-6  &=&5 \\  (x-1)^2 -11  &=&0 \\ (x-1)^2 -(\sqrt{11})^2  &=&0 \\ (x-1-\sqrt{11
})  (x-1+\sqrt{11}) &=&0\end{array}' ,[] 
 []

[27] [28]
Overfull \hbox (44.016pt too wide) in paragraph at lines 1228--1228
 []      \TU/lmtt/m/n/10 votre valeur --> ques4aSol: \mbox{ pour } x \approx -1
.65 \mbox{ et } x \approx 3.65\mbox{.}[] 
 []


Overfull \hbox (54.516pt too wide) in paragraph at lines 1228--1228
 []      \TU/lmtt/m/n/10 votre valeur --> quespA4bSol: \mbox{ pour } x \approx 
-1.45 \mbox{ et } x \approx 3.45\mbox{.}[] 
 []


Overfull \hbox (122.766pt too wide) in paragraph at lines 1242--1242
 []                \TU/lmtt/m/n/10 text_antecedent = text_antecedent+ r' \mbox{
 et } x \approx '+str(lst_antecedent[1]) +r'\mbox{.}'[] 
 []

[29]
Overfull \hbox (222.516pt too wide) in paragraph at lines 1257--1257
 []            \TU/lmtt/m/n/10 str_ques5solS =  '[ '+str(xA)+r'\,;\,'+str(lst_a
ntecedent[0])+' ] \cup  [ '+str(lst_antecedent[1])+r'\,;\,'+str(xB)+' ]'[] 
 []


Overfull \hbox (17.766pt too wide) in paragraph at lines 1257--1257
 []            \TU/lmtt/m/n/10 str_ques5solS =  '[ '+str(lst_antecedent[1])+r'\
,;\,'+str(lst_antecedent[0])+' ]'[] 
 []


Overfull \hbox (28.266pt too wide) in paragraph at lines 1308--1308
 []  \TU/lmtt/m/n/10 r'fm2pBq1:(\sqrt{2})^2 - 2 \times \sqrt{2} -5 = 2 - 2 \tim
es \sqrt{2} -5 =  -3 - 2  \sqrt{2}'[] 
 []


Overfull \hbox (70.266pt too wide) in paragraph at lines 1323--1323
 []    \TU/lmtt/m/n/10 #str_fm2pBq1= r'(\sqrt{2})^2 - 2 \times \sqrt{2} -5 = 2 
- 2 \times \sqrt{2} -5 =  -3 - 2  \sqrt{2}'[] 
 []

[30]
Overfull \hbox (128.016pt too wide) in paragraph at lines 1334--1334
 []\TU/lmtt/m/n/10 valeurs par defaut --> fm2pBq1: (\sqrt{2})^2 - 2 \times \sqr
t{2} -5 = 2 - 2 \times \sqrt{2} -5 =  -3 - 2  \sqrt{2}[] 
 []


Overfull \hbox (12.516pt too wide) in paragraph at lines 1334--1334
 []      \TU/lmtt/m/n/10 votre valeur --> fm2pBq1:-5 - 2 \sqrt{2} + \left(\sqrt
{2}\right)^{2} = -3 - 2 \sqrt{2}[] 
 []


Overfull \hbox (343.266pt too wide) in paragraph at lines 1369--1369
 []  \TU/lmtt/m/n/10 r'quespBq3sol2ant:\begin{array}{lll} f(x) &=& 0 \\ (x-1)^2
 -6  &=&0 \\ (x-1)^2-(\sqrt{6})^2  &=&0 \\ (x-1-\sqrt{6})  (x-1+\sqrt{6}) &=&0 
\\\end{array}' ,[] 
 []


Overfull \hbox (416.766pt too wide) in paragraph at lines 1383--1383
 []    \TU/lmtt/m/n/10 str_quespBq3sol2ant =r'\begin{array}{lll}  f(x) &=& '+st
r_ypBq3deuxant+r' \\ '+sym.latex(f_can-ypBq3deuxant)+r' &=&0 \\ '+sym.latex(f_f
actor)+r' &=&0 \\ \end{array}'[] 
 []


Overfull \hbox (390.516pt too wide) in paragraph at lines 1383--1383
 []    \TU/lmtt/m/n/10 #quespBq3sol2ant = r'\begin{array}{lll}  f(x) &=& 0 \\  
(x-1)^2 -6  &=&0 \\  (x-1)^2 -(\sqrt{6})^2  &=&0 \\  (x-1-\sqrt{6})  (x-1+\sqrt
{6}) &=&0 \\ \end{array}'[] 
 []


Overfull \hbox (427.266pt too wide) in paragraph at lines 1397--1397
 []\TU/lmtt/m/n/10 valeurs par defaut --> quespBq3sol2ant:\begin{array}{lll} f(
x) &=& 0 \\ (x-1)^2 -6  &=&0 \\ (x-1)^2-(\sqrt{6})^2  &=&0 \\ (x-1-\sqrt{6})  (
x-1+\sqrt{6}) &=&0 \\\end{array}[] 
 []


Overfull \hbox (511.266pt too wide) in paragraph at lines 1397--1397
 []      \TU/lmtt/m/n/10 votre valeur --> quespBq3sol2ant:\begin{array}{lll}  f
(x) &=& 0 \\ \left(x - 1\right)^{2} - 6 &=&0 \\ \left(x - 1 + \sqrt{6}\right) \
left(x - \sqrt{6} - 1\right) &=&0 \\ \end{array}[] 
 []

[31]
Overfull \hbox (458.766pt too wide) in paragraph at lines 1404--1404
 []  \TU/lmtt/m/n/10 r'quespBq3sol1ant:\begin{array}{lll} f(x) &=&5 \\ (x-1)^2 
-6  &=&5 \\  (x-1)^2 -11  &=&0 \\ (x-1)^2 -(\sqrt{11})^2  &=&0 \\ (x-1-\sqrt{11
})  (x-1+\sqrt{11}) &=&0\end{array}' ,[] 
 []


Overfull \hbox (500.766pt too wide) in paragraph at lines 1438--1438
 []    \TU/lmtt/m/n/10 #quespBq3sol1ant = r'\begin{array}{lll} f(x) &=&5 \\  (x
-1)^2 -6  &=&5 \\   (x-1)^2 -11  &=&0 \\  (x-1)^2 -(\sqrt{11})^2  &=&0 \\  (x-1
-\sqrt{11})  (x-1+\sqrt{11}) &=&0 \end{array}'[] 
 []


Overfull \hbox (395.766pt too wide) in paragraph at lines 1438--1438
 []    \TU/lmtt/m/n/10 str_quespBq3sol1ant =r'\begin{array}{lll}  f(x) &=& '+st
r_ypBq3unant+r' \\ '+sym.latex(f_can-ypBq3unant)+r' &=&0 \\ '+sym.latex(f_facto
r)+r' &=&0 \\ \end{array}'[] 
 []


Overfull \hbox (390.516pt too wide) in paragraph at lines 1438--1438
 []    \TU/lmtt/m/n/10 #quespBq3sol2ant = r'\begin{array}{lll}  f(x) &=& 0 \\  
(x-1)^2 -6  &=&0 \\  (x-1)^2 -(\sqrt{6})^2  &=&0 \\  (x-1-\sqrt{6})  (x-1+\sqrt
{6}) &=&0 \\ \end{array}'[] 
 []


Overfull \hbox (542.766pt too wide) in paragraph at lines 1452--1452
 []\TU/lmtt/m/n/10 valeurs par defaut --> quespBq3sol1ant:\begin{array}{lll} f(
x) &=&5 \\ (x-1)^2 -6  &=&5 \\  (x-1)^2 -11  &=&0 \\ (x-1)^2 -(\sqrt{11})^2  &=
&0 \\ (x-1-\sqrt{11})  (x-1+\sqrt{11}) &=&0\end{array}[] 
 []


Overfull \hbox (527.016pt too wide) in paragraph at lines 1452--1452
 []      \TU/lmtt/m/n/10 votre valeur --> quespBq3sol1ant:\begin{array}{lll}  f
(x) &=& 5 \\ \left(x - 1\right)^{2} - 11 &=&0 \\ \left(x - 1 + \sqrt{11}\right)
 \left(x - \sqrt{11} - 1\right) &=&0 \\ \end{array}[] 
 []

[32]

Package hyperref Warning: Token not allowed in a PDF string (Unicode):
(hyperref)                removing `math shift' on input line 1466.


Package hyperref Warning: Token not allowed in a PDF string (Unicode):
(hyperref)                removing `\@@underline' on input line 1466.


Package hyperref Warning: Token not allowed in a PDF string (Unicode):
(hyperref)                removing `\hbox' on input line 1466.


Package hyperref Warning: Token not allowed in a PDF string (Unicode):
(hyperref)                removing `\mathsurround' on input line 1466.


Package hyperref Warning: Token not allowed in a PDF string (Unicode):
(hyperref)                removing `\z@' on input line 1466.


Package hyperref Warning: Token not allowed in a PDF string (Unicode):
(hyperref)                removing `math shift' on input line 1466.


Overfull \hbox (8.09766pt too wide) in paragraph at lines 1475--1476
[]\TU/lmr/m/n/10 Les variables libres (sous certaines contraintes) qui sont gén
érées par le programme $\OML/cmm/m/it/10 python[]contraintes:py$ 
 []


Overfull \hbox (170.81682pt too wide) in paragraph at lines 1494--1496
\OML/cmm/m/it/10 DSXL[]\OT1/cmr/m/n/10 3[]\OML/cmm/m/it/10 programme$\TU/lmr/m/
n/10 ) et le charge. Si ce programme n’existe pas, c’est le programme $\OML/cmm
/m/it/10 :=dsxl[]tex[]exercice=dsxl[]text[]python[]wrapper[]out:py$
 []


Overfull \hbox (73.68715pt too wide) in paragraph at lines 1496--1499
[]\TU/lmr/m/n/10 Le programme vérifie l’existence de $\OML/cmm/m/it/10 latex[]m
ain[]exercice[]test:tex$ \TU/lmr/m/n/10 (à la racine du dossier $\OML/cmm/m/it/
10 DSXL[]\OT1/cmr/m/n/10 3[]\OML/cmm/m/it/10 programme$\TU/lmr/m/n/10 )
 []


Overfull \hbox (58.0528pt too wide) in paragraph at lines 1496--1499
\TU/lmr/m/n/10 et le charge. Si ce programme n’existe pas, c’est le programme $
\OML/cmm/m/it/10 :=dsxl[]tex[]exercice=dsxl[]text[]python[]wrapper[]in:tex$
 []


Overfull \hbox (39.09938pt too wide) in paragraph at lines 1496--1499
\TU/lmr/m/n/10 qu’il charge et sauvegarde, à la racine du dossier $\OML/cmm/m/i
t/10 DSXL[]\OT1/cmr/m/n/10 3[]\OML/cmm/m/it/10 programme$\TU/lmr/m/n/10 , sous 
le nom $\OML/cmm/m/it/10 latex[]main[]exercice[]test:tex$ 
 []


Overfull \hbox (41.1339pt too wide) in paragraph at lines 1501--1503
[]\TU/lmr/m/n/10 Dans le cas de notre exercice, nous copions $\OML/cmm/m/it/10 
fonction[]param[]exercice[]run:py$ \TU/lmr/m/n/10 à la racine du dossier $\OML/
cmm/m/it/10 DSXL[]\OT1/cmr/m/n/10 3[]\OML/cmm/m/it/10 programme$
 []


Overfull \hbox (123.8075pt too wide) in paragraph at lines 1504--1505
[]\TU/lmr/m/n/10 En cliquant sur le  []bouton [], le programme vérifie l’existe
nce de $\OML/cmm/m/it/10 fonction[]param[]exercice[]test:py$
 []


Overfull \hbox (54.4727pt too wide) in paragraph at lines 1517--1518
[]$\OML/cmm/m/it/10 :=dsxl[]tex[]exercice=latex[]test[]full[]text[]mode[]C=late
x[]test[]full[]text[]C:tex$ 
 []


Overfull \hbox (54.7477pt too wide) in paragraph at lines 1519--1520
[]$\OML/cmm/m/it/10 :=dsxl[]tex[]exercice=latex[]test[]full[]text[]mode[]E=late
x[]test[]full[]text[]E:tex$ 
 []


Package hyperref Warning: Token not allowed in a PDF string (Unicode):
(hyperref)                removing `math shift' on input line 1526.


Package hyperref Warning: Token not allowed in a PDF string (Unicode):
(hyperref)                removing `math shift' on input line 1526.


Package hyperref Warning: Token not allowed in a PDF string (Unicode):
(hyperref)                removing `math shift' on input line 1526.


Package hyperref Warning: Token not allowed in a PDF string (Unicode):
(hyperref)                removing `math shift' on input line 1526.


Overfull \hbox (97.23265pt too wide) in paragraph at lines 1528--1530
[]\TU/lmr/m/n/10 Cette intégration est maintenant assez facile. Il suffit d’ins
erer le code de $\OML/cmm/m/it/10 python[]contraintes:py$ \TU/lmr/m/n/10 dans $
\OML/cmm/m/it/10 fonction[]param[]exercice[]run:py$
 []

[33]
Overfull \hbox (161.016pt too wide) in paragraph at lines 1564--1564
[]    \TU/lmtt/m/n/10 # La condition suivante permet juste de restreindre le no
mbre de possibilités en imposant un nombre minimal de solutions :[] 
 []


Overfull \hbox (159.516pt too wide) in paragraph at lines 1576--1576
 []\TU/lmtt/m/n/10 %\draw[line width=2.pt,smooth,samples=100,domain=\var{xA}{-3
}:\var{xB}{4.}] plot(\x,{\var{ftikz}{(\x)^(2.0)-2*(\x)-5}});[] 
 []


Overfull \hbox (154.266pt too wide) in paragraph at lines 1581--1581
 []\TU/lmtt/m/n/10 \draw[line width=2.pt,smooth,samples=100,domain=\var{xA}{-3}
:\var{xB}{4.}] plot(\x,{\var{ftikz}{(\x)^(2.0)-2*(\x)-5}});[] 
 []


Overfull \hbox (2.016pt too wide) in paragraph at lines 1581--1581
 []\TU/lmtt/m/n/10 %\draw[line width=2.pt,smooth,samples=100,domain=-3.0:4.0] p
lot(\x,{(\x)^(2.0)-2*(\x)-5});[] 
 []

File: ./images/creation_exercice_solve_erreur_01.png Graphic file (type bmp)
<./images/creation_exercice_solve_erreur_01.png>
[34]
File: ./images/creation_exercice_solve_erreur_01_corrige.png Graphic file (type
 bmp)
<./images/creation_exercice_solve_erreur_01_corrige.png>
File: ./images/creation_exercice_solve_erreur_02.png Graphic file (type bmp)
<./images/creation_exercice_solve_erreur_02.png>
 [35]
File: ./images/creation_exercice_solve_erreur_03.png Graphic file (type bmp)
<./images/creation_exercice_solve_erreur_03.png>

Overfull \hbox (172.94151pt too wide) in paragraph at lines 1678--1678
 []\TU/lmtt/m/n/9 $x$    & $\var{xA}{-3}$     &                            & $\
var{x0}{1}$        &                            & $\var{xB}{4}$\\ \hline[] 
 []


Overfull \hbox (139.86661pt too wide) in paragraph at lines 1678--1678
 []       \TU/lmtt/m/n/9 & $\var{yA}{10}$     &                            &   
                   &                            & $\var{yB}{3}$\\[] 
 []


Overfull \hbox (139.86642pt too wide) in paragraph at lines 1678--1678
 []\TU/lmtt/m/n/9 $f(x)$ &                    & $\var{varGpAq6}{\searrow}$ &   
                   & $\var{varDpAq6}{\nearrow}$ &              \\[] 
 []


Overfull \hbox (172.94168pt too wide) in paragraph at lines 1678--1678
 []       \TU/lmtt/m/n/9 &                    &                            & $\
var{y0}{-6}$       &                            &              \\ \hline[] 
 []

[36]
Overfull \hbox (182.39153pt too wide) in paragraph at lines 1701--1701
 []\TU/lmtt/m/n/9 $x$    & $\var{xA}{-3}$     &                            & $\
var{x0}{1}$        &                            & $\var{xB}{4}$  \\ \hline[] 
 []


Overfull \hbox (149.31653pt too wide) in paragraph at lines 1701--1701
 []       \TU/lmtt/m/n/9 & $\var{yAp}{}$    &                            & $\va
r{y0m}{-6}$      &                            & $\var{yBp}{3}$   \\[] 
 []


Overfull \hbox (149.31644pt too wide) in paragraph at lines 1701--1701
 []\TU/lmtt/m/n/9 $f(x)$ &                    & $\var{varGpAq6}{\searrow}$ &   
                   & $\var{varDpAq6}{\nearrow}$ &                \\[] 
 []


Overfull \hbox (182.39154pt too wide) in paragraph at lines 1701--1701
 []       \TU/lmtt/m/n/9 & $\var{yAm}{10}$    &                            & $\
var{y0p}{}$      &                            & $\var{yBm}{}$    \\ \hline[] 
 []


Overfull \hbox (194.766pt too wide) in paragraph at lines 1742--1742
 []\TU/lmtt/m/n/10 , 'quespBq3sol1ant:'+str_quespBq3sol1ant , 'x1unant:'+str_x1
unant , 'x2unant:'+str_x2unant , 'ensSunant:'+str_ensSunant ,[] 
 []


Overfull \hbox (137.016pt too wide) in paragraph at lines 1742--1742
 []        \TU/lmtt/m/n/10 'yAp:'+str_yAp , 'y0p:'+str_y0p ,'yBp:'+str_yBp,    
'yAm:'+str_yAm , 'y0m:'+str_y0m ,'yBm:'+str_yBm ])[] 
 []

File: ./images/creation_exercice_solve_erreur_03_correction.png Graphic file (t
ype bmp)
<./images/creation_exercice_solve_erreur_03_correction.png>
[37]
Overfull \hbox (52.22816pt too wide) in paragraph at lines 1752--1753
[][]\TU/lmr/m/it/10 De manière générale, si un clic sur le  []bouton [] les fic
hiers $\OML/cmm/m/it/10 latex[]test[]full[]text[]C:tex$
 []


Overfull \hbox (254.016pt too wide) in paragraph at lines 1767--1767
 []        \TU/lmtt/m/n/10 'liste_notions' :  [ '2nd' , 'développement' , 'fonc
tion polynôme' , 'lecture graphique' , 'maximum' , 'tableau de variations' ] ,[
] 
 []

) [38]
Chapitre 4.
(./input_files/DSXL_3_doc_and_exercices_INTEGRATION_DEVOIR_DANS_BASE.tex)
[39

] [40

]
Chapitre 5.

Package hyperref Warning: Token not allowed in a PDF string (Unicode):
(hyperref)                removing `math shift' on input line 203.


Package hyperref Warning: Token not allowed in a PDF string (Unicode):
(hyperref)                removing `math shift' on input line 203.


Package hyperref Warning: Token not allowed in a PDF string (Unicode):
(hyperref)                removing `math shift' on input line 203.


Package hyperref Warning: Token not allowed in a PDF string (Unicode):
(hyperref)                removing `math shift' on input line 203.


Package hyperref Warning: Token not allowed in a PDF string (Unicode):
(hyperref)                removing `math shift' on input line 203.


Package hyperref Warning: Token not allowed in a PDF string (Unicode):
(hyperref)                removing `math shift' on input line 203.

(./input_files/DSXL_3_doc_and_exercices_CREATION_DEVOIR.tex) [41] [42

]
Annexe A.
(./input_files/Appendix_Liste_mots_cles.tex) [43] [44

]
Annexe B.

Package hyperref Warning: Token not allowed in a PDF string (Unicode):
(hyperref)                removing `math shift' on input line 212.


Package hyperref Warning: Token not allowed in a PDF string (Unicode):
(hyperref)                removing `math shift' on input line 212.


Package hyperref Warning: Token not allowed in a PDF string (Unicode):
(hyperref)                removing `math shift' on input line 212.


Package hyperref Warning: Token not allowed in a PDF string (Unicode):
(hyperref)                removing `math shift' on input line 212.


Package hyperref Warning: Token not allowed in a PDF string (Unicode):
(hyperref)                removing `math shift' on input line 212.


Package hyperref Warning: Token not allowed in a PDF string (Unicode):
(hyperref)                removing `math shift' on input line 212.

(./input_files/DSXL_3_DOCUMENT_MISE_A_JOUR.tex) [45] [46

] [47

] [48

] [49]
[50

]
runsystem(makeindex notions.idx)...executed safely (allowed).

 (./notions.ind) [51

] [52

]
runsystem(makeindex dsxlindex.idx)...executed safely (allowed).

 (./dsxlindex.ind
Overfull \hbox (7.9003pt too wide) in paragraph at lines 16--18
[]\TU/lmr/m/n/10 , 
 []

) [53

] (./DSXL_3_doc_and_exercices.aux)
 ***********
LaTeX2e <2023-11-01> patch level 1
L3 programming layer <2024-01-22>
 ***********
Package rerunfilecheck Info: File `DSXL_3_doc_and_exercices.out' has not change
d.
(rerunfilecheck)             Checksum: 2D5535FF21C01565AB926C9F232B229F;7568.
 )
(\end occurred inside a group at level 1)

### simple group (level 1) entered at line 361 ({)
### bottom level 
Here is how much of TeX's memory you used:
 42795 strings out of 474879
 1000056 string characters out of 5760216
 1961627 words of memory out of 5000000
 64045 multiletter control sequences out of 15000+600000
 573029 words of font info for 130 fonts, out of 8000000 for 9000
 1348 hyphenation exceptions out of 8191
 118i,13n,122p,745b,1135s stack positions out of 10000i,1000n,20000p,200000b,200000s

Output written on DSXL_3_doc_and_exercices.pdf (63 pages).
