\BOOKMARK [0][-]{chapter*.1}{\376\377\000I\000n\000t\000r\000o\000d\000u\000c\000t\000i\000o\000n}{}% 1
\BOOKMARK [0][-]{chapter.1}{\376\377\000O\000r\000g\000a\000n\000i\000s\000a\000t\000i\000o\000n\000\040\000d\000u\000\040\000d\000o\000c\000u\000m\000e\000n\000t}{}% 2
\BOOKMARK [0][-]{chapter.2}{\376\377\000L\000i\000s\000t\000e\000\040\000d\000'\000e\000x\000e\000r\000c\000i\000c\000e\000s}{}% 3
\BOOKMARK [1][-]{section.2.1}{\376\377\000E\000x\000e\000r\000c\000i\000c\000e\000\137\0000\0000\0001}{chapter.2}% 4
\BOOKMARK [1][-]{section.2.2}{\376\377\000E\000x\000e\000r\000c\000i\000c\000e\000\137\0000\0000\0002}{chapter.2}% 5
\BOOKMARK [1][-]{section.2.3}{\376\377\000E\000x\000e\000r\000c\000i\000c\000e\000\137\0000\0000\0003}{chapter.2}% 6
\BOOKMARK [0][-]{chapter.3}{\376\377\000C\000r\000\351\000e\000r\000\040\000u\000n\000\040\000e\000x\000e\000r\000c\000i\000c\000e\000\040\000:\000\040\000L\000e\000\040\000p\000r\000o\000g\000r\000a\000m\000m\000e\000\040\000d\000s\000x\000l\000\137\0003\000\137\000e\000x\000e\000r\000c\000i\000c\000e\000\137\000c\000r\000e\000a\000t\000i\000o\000n}{}% 7
\BOOKMARK [1][-]{section.3.1}{\376\377\000L\000'\000o\000n\000g\000l\000e\000t\000\040\000l\000a\000t\000e\000x\000\040\000w\000r\000a\000p\000p\000e\000r}{chapter.3}% 8
\BOOKMARK [2][-]{subsection.3.1.1}{\376\377\000E\000t\000a\000p\000e\000\040\0001\000\040\000:\000\040\000E\000n\000t\000r\000e\000r\000\040\000l\000e\000\040\000c\000o\000d\000e\000\040\000L\000a\000t\000e\000x}{section.3.1}% 9
\BOOKMARK [2][-]{subsection.3.1.2}{\376\377\000E\000t\000a\000p\000e\000\040\0002\000\040\000:\000\040\000D\000\351\000f\000i\000n\000i\000r\000\040\000l\000e\000s\000\040\000p\000a\000r\000t\000i\000e\000s\000\040\000\351\000n\000o\000n\000c\000\351\000s\000\040\000e\000t\000\040\000c\000o\000r\000r\000e\000c\000t\000i\000o\000n\000s}{section.3.1}% 10
\BOOKMARK [2][-]{subsection.3.1.3}{\376\377\000E\000t\000a\000p\000e\000\040\0003\000\040\000:\000\040\000D\000\351\000f\000i\000n\000i\000r\000\040\000l\000e\000\040\000b\000a\000r\000\350\000m\000e\000\040\000d\000e\000s\000\040\000q\000u\000e\000s\000t\000i\000o\000n\000s}{section.3.1}% 11
\BOOKMARK [2][-]{subsection.3.1.4}{\376\377\000E\000t\000a\000p\000e\000\040\0004\000\040\000:\000\040\000D\000\351\000f\000i\000n\000i\000r\000\040\000l\000e\000s\000\040\000v\000a\000r\000i\000a\000b\000l\000e\000s\000\040\000q\000u\000i\000\040\000c\000h\000a\000n\000g\000e\000r\000o\000n\000t\000\040\000e\000n\000\040\000f\000o\000n\000c\000t\000i\000o\000n\000\040\000d\000e\000\040\000l\000'\000\351\000n\000o\000n\000c\000\351}{section.3.1}% 12
\BOOKMARK [2][-]{subsection.3.1.5}{\376\377\000E\000t\000a\000p\000e\000\040\0005\000\040\000:\000\040\000D\000\351\000f\000i\000n\000i\000r\000\040\000c\000o\000n\000t\000r\000a\000i\000n\000t\000e\000s\000\040\000s\000u\000r\000\040\000l\000e\000s\000\040\000v\000a\000r\000i\000a\000b\000l\000e\000s\000\040\000e\000t\000\040\000l\000e\000\040\000f\000i\000c\000h\000i\000e\000r\000\040\000p\000y\000t\000h\000o\000n\000\137\000c\000o\000n\000t\000r\000a\000i\000n\000t\000e\000s\000.\000p\000y}{section.3.1}% 13
\BOOKMARK [1][-]{section.3.2}{\376\377\000L\000'\000o\000n\000g\000l\000e\000t\000\040\000p\000y\000t\000h\000o\000n\000\040\000w\000r\000a\000p\000p\000e\000r}{chapter.3}% 14
\BOOKMARK [2][-]{subsection.3.2.1}{\376\377\000E\000t\000a\000p\000e\000\040\0006\000\040\000:\000\040\000D\000\351\000f\000i\000n\000i\000r\000\040\000l\000a\000\040\000f\000o\000n\000c\000t\000i\000o\000n\000\040\000d\000e\000f\000\040\000f\000o\000n\000c\000t\000i\000o\000n\000\137\000p\000a\000r\000a\000m\000\137\000e\000x\000e\000r\000c\000i\000c\000e\000\050\000\051\000\040\000:\000\040}{section.3.2}% 15
\BOOKMARK [2][-]{subsection.3.2.2}{\376\377\000E\000t\000a\000p\000e\000\040\0007\000\040\000:\000\040\000E\000n\000t\000r\000e\000r\000\040\000l\000e\000s\000\040\000f\000o\000r\000m\000u\000l\000e\000s\000\040\000p\000o\000u\000r\000\040\000c\000a\000l\000c\000u\000l\000e\000r\000\040\000l\000e\000s\000\040\000r\000\351\000p\000o\000n\000s\000e\000s\000\040}{section.3.2}% 16
\BOOKMARK [1][-]{section.3.3}{\376\377\000L\000'\000o\000n\000g\000l\000e\000t\000\040\000T\000e\000s\000t\000i\000n\000g\000\040\000E\000x\000e\000r\000c\000i\000s\000e}{chapter.3}% 17
\BOOKMARK [2][-]{subsection.3.3.1}{\376\377\000S\000y\000n\000t\000h\000\350\000s\000e\000\040\000d\000e\000\040\000c\000e\000\040\000q\000u\000i\000\040\000a\000\040\000\351\000t\000\351\000\040\000f\000a\000i\000t\000\040\000j\000u\000s\000q\000u\000'\000\340\000\040\000p\000r\000\351\000s\000e\000n\000t}{section.3.3}% 18
\BOOKMARK [2][-]{subsection.3.3.2}{\376\377\000I\000n\000t\000\351\000g\000r\000a\000t\000i\000o\000n\000\040\000d\000e\000\040\000p\000y\000t\000h\000o\000n\000\137\000c\000o\000n\000t\000r\000a\000i\000n\000t\000e\000s\000.\000p\000y\000\040\000d\000a\000n\000s\000\040\000f\000o\000n\000c\000t\000i\000o\000n\000\137\000p\000a\000r\000a\000m\000\137\000e\000x\000e\000r\000c\000i\000c\000e\000\137\000r\000u\000n\000.\000p\000y}{section.3.3}% 19
\BOOKMARK [2][-]{subsection.3.3.3}{\376\377\000c\000o\000r\000r\000i\000g\000e\000r\000\040\000l\000e\000s\000\040\000e\000r\000r\000e\000u\000r\000s\000\040\000e\000t\000\040\000\351\000c\000a\000r\000t\000e\000r\000\040\000l\000e\000s\000\040\000v\000a\000r\000i\000a\000n\000t\000e\000s\000\040\000d\000e\000\040\000p\000a\000r\000a\000m\000\350\000t\000r\000e\000s\000\040\000i\000n\000d\000\351\000s\000i\000r\000a\000b\000l\000e\000s\000\040\000\050\000\351\000n\000o\000n\000c\000\351\000s\000\040\000t\000r\000i\000v\000i\000a\000u\000x\000,\000\040\000p\000a\000r\000\040\000e\000x\000e\000m\000p\000l\000e\000\051}{section.3.3}% 20
\BOOKMARK [2][-]{subsection.3.3.4}{\376\377\000D\000\351\000f\000i\000n\000i\000r\000\040\000l\000e\000s\000\040\000m\000\351\000t\000a\000v\000a\000r\000i\000a\000b\000l\000e\000s\000\040\000:\000\040\000n\000o\000t\000i\000o\000n\000s\000\040\000a\000b\000o\000r\000d\000\351\000e\000s\000,\000\040\000a\000u\000t\000e\000u\000r\000,\000\040\000s\000o\000u\000r\000c\000e\000,\000\040\000d\000a\000t\000e\000\040\000d\000e\000\040\000c\000r\000\351\000a\000t\000i\000o\000n\000\040}{section.3.3}% 21
\BOOKMARK [0][-]{chapter.4}{\376\377\000I\000n\000t\000\351\000g\000r\000e\000r\000\040\000u\000n\000\040\000e\000x\000e\000r\000c\000i\000c\000e\000\040\000c\000r\000\351\000e\000\040\000d\000a\000n\000s\000\040\000l\000a\000\040\000b\000a\000s\000e\000\040\000d\000e\000s\000\040\000e\000x\000e\000r\000c\000i\000c\000e\000s}{}% 22
\BOOKMARK [0][-]{chapter.5}{\376\377\000C\000r\000\351\000e\000r\000\040\000u\000n\000\040\000d\000e\000v\000o\000i\000r\000\040\000:\000\040\000L\000e\000\040\000p\000r\000o\000g\000r\000a\000m\000m\000e\000\040\000d\000s\000x\000l\000\137\0003\000\137\000d\000e\000v\000o\000i\000r\000\137\000c\000r\000e\000a\000t\000i\000o\000n}{}% 23
\BOOKMARK [0][-]{appendix.A}{\376\377\000L\000i\000s\000t\000e\000\040\000d\000e\000s\000\040\000m\000o\000t\000s\000\040\000c\000l\000\351\000s}{}% 24
\BOOKMARK [0][-]{appendix.B}{\376\377\000M\000e\000t\000t\000r\000e\000\040\000\340\000\040\000j\000o\000u\000r\000\040\000c\000e\000\040\000d\000o\000c\000u\000m\000e\000n\000t\000\040\000:\000\040\000d\000s\000x\000l\000\137\0003\000\137\000d\000o\000c\000u\000m\000e\000n\000t\000a\000t\000i\000o\000n\000\137\000c\000r\000e\000a\000t\000i\000o\000n}{}% 25
\BOOKMARK [0][-]{appendix*.5}{\376\377\000B\000i\000b\000l\000i\000o\000g\000r\000a\000p\000h\000y}{}% 26
\BOOKMARK [0][-]{appendix*.6}{\376\377\000I\000n\000d\000e\000x}{}% 27
